   0.0000000000   0.0000000000   1.0000000000   0.0000000000   0.0000000000   0.0000000000
   1.0000000000   0.0099999998   0.9995999932  -0.0799999982   0.0063999998   0.0191999990
   2.0000000000   0.0199999996   0.9984241128  -0.1551679969   0.0240771081   0.0722313225
   3.0000000000   0.0299999993   0.9965196252  -0.2257318497   0.0509548672   0.1528646052
   4.0000000000   0.0399999991   0.9939314127  -0.2919095159   0.0852111652   0.2556335032
   5.0000000000   0.0499999970   0.9907023311  -0.3539094627   0.1252519041   0.3757557273
   6.0000000000   0.0599999987   0.9868731499  -0.4119310975   0.1696872264   0.5090616941
   7.0000000000   0.0700000003   0.9824826717  -0.4661650658   0.2173098624   0.6519296169
   8.0000000000   0.0799999982   0.9775678515  -0.5167937875   0.2670758069   0.8012274504
   9.0000000000   0.0899999961   0.9721639156  -0.5639916062   0.3180865347   0.9542596340
  10.0000000000   0.0999999940   0.9663043618  -0.6079252362   0.3695730865   1.1087192297
  11.0000000000   0.1099999994   0.9600209594  -0.6487540603   0.4208818376   1.2626454830
  12.0000000000   0.1199999973   0.9533440471  -0.6866304874   0.4714614153   1.4143842459
  13.0000000000   0.1299999952   0.9463024139  -0.7217001915   0.5208511949   1.5625536442
  14.0000000000   0.1400000006   0.9389234185  -0.7541023493   0.5686703324   1.7060110569
  15.0000000000   0.1499999911   0.9312331080  -0.7839700580   0.6146090627   1.8438272476
  16.0000000000   0.1599999964   0.9232560992  -0.8114305139   0.6584194899   1.9752584696
  17.0000000000   0.1700000018   0.9150159359  -0.8366051912   0.6999082565   2.0997247696
  18.0000000000   0.1799999923   0.9065348506  -0.8596101403   0.7389295697   2.2167887688
  19.0000000000   0.1899999976   0.8978340030  -0.8805563450   0.7753794789   2.3261384964
  20.0000000000   0.1999999881   0.8889334798  -0.8995496631   0.8091896176   2.4275689125
  21.0000000000   0.2099999934   0.8798522949  -0.9166913629   0.8403230309   2.5209691525
  22.0000000000   0.2199999988   0.8706084490  -0.9320780635   0.8687695265   2.6063084602
  23.0000000000   0.2299999893   0.8612190485  -0.9458020329   0.8945415020   2.6836245060
  24.0000000000   0.2399999946   0.8517003059  -0.9579514265   0.9176709652   2.7530128956
  25.0000000000   0.2500000000   0.8420674801  -0.9686103463   0.9382060170   2.8146181107
  26.0000000000   0.2599999905   0.8323351145  -0.9778591394   0.9562084675   2.8686254025
  27.0000000000   0.2699999809   0.8225169182  -0.9857743979   0.9717511535   2.9152534008
  28.0000000000   0.2800000012   0.8126258850  -0.9924293160   0.9849159718   2.9547479153
  29.0000000000   0.2899999917   0.8026742935  -0.9978936315   0.9957916737   2.9873750210
  30.0000000000   0.2999999821   0.7926736474  -1.0022339821   1.0044729710   3.0134189129
  31.0000000000   0.3100000024   0.7826349139  -1.0055137873   1.0110579729   3.0331740379
  32.0000000000   0.3199999928   0.7725684047  -1.0077937841   1.0156483650   3.0469450951
  33.0000000000   0.3299999833   0.7624837756  -1.0091316700   1.0183467865   3.0550403595
  34.0000000000   0.3400000036   0.7523902059  -1.0095825195   1.0192568302   3.0577704906
  35.0000000000   0.3499999940   0.7422962785  -1.0091987848   1.0184822083   3.0554466248
  36.0000000000   0.3599999845   0.7322101593  -1.0080305338   1.0161255598   3.0483765602
  37.0000000000   0.3700000048   0.7221394181  -1.0061255693   1.0122886896   3.0368661880
  38.0000000000   0.3799999952   0.7120911479  -1.0035291910   1.0070707798   3.0212123394
  39.0000000000   0.3899999857   0.7020720840  -1.0002846718   1.0005694628   3.0017085075
  40.0000000000   0.3999999762   0.6920884848  -0.9964333773   0.9928794503   2.9786384106
  41.0000000000   0.4099999964   0.6821462512  -0.9920144677   0.9840927124   2.9522781372
  42.0000000000   0.4199999869   0.6722508669  -0.9870653152   0.9742979407   2.9228937626
  43.0000000000   0.4299999774   0.6624074578  -0.9816214442   0.9635806680   2.8907420635
  44.0000000000   0.4399999976   0.6526207328  -0.9757167697   0.9520232081   2.8560695648
  45.0000000000   0.4499999881   0.6428952217  -0.9693834186   0.9397042394   2.8191127777
  46.0000000000   0.4599999785   0.6332350373  -0.9626520276   0.9266989231   2.7800967693
  47.0000000000   0.4699999988   0.6236440539  -0.9555516839   0.9130790234   2.7392370701
  48.0000000000   0.4799999893   0.6141257286  -0.9481101036   0.8989127874   2.6967382431
  49.0000000000   0.4899999797   0.6046834588  -0.9403535724   0.8842648268   2.6527943611
  50.0000000000   0.5000000000   0.5953201652  -0.9323070645   0.8691964746   2.6075894833
  51.0000000000   0.5099999905   0.5860386491  -0.9239942431   0.8537653685   2.5612959862
  52.0000000000   0.5199999809   0.5768414736  -0.9154376984   0.8380261660   2.5140786171
  53.0000000000   0.5299999714   0.5677309632  -0.9066587687   0.8220301270   2.4660904408
  54.0000000000   0.5399999619   0.5587092638  -0.8976777196   0.8058252931   2.4174759388
  55.0000000000   0.5500000119   0.5497783422  -0.8885138035   0.7894567847   2.3683702946
  56.0000000000   0.5600000024   0.5409398675  -0.8791852593   0.7729667425   2.3189001083
  57.0000000000   0.5699999928   0.5321953893  -0.8697093129   0.7563942671   2.2691826820
  58.0000000000   0.5799999833   0.5235463381  -0.8601023555   0.7397760749   2.2193281651
  59.0000000000   0.5899999738   0.5149939656  -0.8503799438   0.7231460214   2.1694381237
  60.0000000000   0.5999999642   0.5065392852  -0.8405566812   0.7065355182   2.1196064949
  61.0000000000   0.6100000143   0.4981832802  -0.8306463957   0.6899734139   2.0699203014
  62.0000000000   0.6200000048   0.4899267256  -0.8206622601   0.6734865308   2.0204596519
  63.0000000000   0.6299999952   0.4817703068  -0.8106166720   0.6570993662   1.9712980986
  64.0000000000   0.6399999857   0.4737146199  -0.8005213141   0.6408343911   1.9225032330
  65.0000000000   0.6499999762   0.4657600820  -0.7903872132   0.6247119308   1.8741357327
  66.0000000000   0.6599999666   0.4579070210  -0.7802248001   0.6087507606   1.8262522221
  67.0000000000   0.6699999571   0.4501556754  -0.7700438499   0.5929675102   1.7789025307
  68.0000000000   0.6800000072   0.4425061941  -0.7598536611   0.5773775578   1.7321326733
  69.0000000000   0.6899999976   0.4349586070  -0.7496629357   0.5619944930   1.6859834194
  70.0000000000   0.6999999881   0.4275128841  -0.7394798398   0.5468304157   1.6404912472
  71.0000000000   0.7099999785   0.4201689363  -0.7293120623   0.5318960547   1.5956881046
  72.0000000000   0.7199999690   0.4129265249  -0.7191668749   0.5172010064   1.5516030788
  73.0000000000   0.7299999595   0.4057854414  -0.7090509534   0.5027532578   1.5082597733
  74.0000000000   0.7400000095   0.3987453282  -0.6989707351   0.4885600805   1.4656802416
  75.0000000000   0.7500000000   0.3918057978  -0.6889321208   0.4746274650   1.4238823652
  76.0000000000   0.7599999905   0.3849664330  -0.6789406538   0.4609604180   1.3828812838
  77.0000000000   0.7699999809   0.3782267272  -0.6690015197   0.4475630224   1.3426890373
  78.0000000000   0.7799999714   0.3715861142  -0.6591195464   0.4344385862   1.3033157587
  79.0000000000   0.7899999619   0.3650440276  -0.6492992640   0.4215895236   1.2647686005
  80.0000000000   0.7999999523   0.3585998118  -0.6395448446   0.4090176225   1.2270529270
  81.0000000000   0.8100000024   0.3522527814  -0.6298601627   0.3967238367   1.1901714802
  82.0000000000   0.8199999928   0.3460022509  -0.6202487946   0.3847085536   1.1541256905
  83.0000000000   0.8299999833   0.3398474455  -0.6107140183   0.3729716241   1.1189148426
  84.0000000000   0.8399999738   0.3337875605  -0.6012589931   0.3615123630   1.0845370293
  85.0000000000   0.8499999642   0.3278218210  -0.5918864608   0.3503295779   1.0509886742
  86.0000000000   0.8599999547   0.3219493926  -0.5825990438   0.3394216597   1.0182650089
  87.0000000000   0.8700000048   0.3161694109  -0.5733990669   0.3287864923   0.9863594770
  88.0000000000   0.8799999952   0.3104809523  -0.5642886758   0.3184217215   0.9552651644
  89.0000000000   0.8899999857   0.3048831522  -0.5552698374   0.3083246052   0.9249738455
  90.0000000000   0.8999999762   0.2993750572  -0.5463442802   0.2984920740   0.8954762220
  91.0000000000   0.9099999666   0.2939557731  -0.5375136137   0.2889208794   0.8667626381
  92.0000000000   0.9199999571   0.2886242867  -0.5287792683   0.2796075046   0.8388224840
  93.0000000000   0.9300000072   0.2833796740  -0.5201424360   0.2705481648   0.8116444945
  94.0000000000   0.9399999976   0.2782209218  -0.5116042495   0.2617388964   0.7852166891
  95.0000000000   0.9499999881   0.2731470764  -0.5031656623   0.2531756759   0.7595270276
  96.0000000000   0.9599999785   0.2681571245  -0.4948274791   0.2448542267   0.7345626950
  97.0000000000   0.9699999690   0.2632500231  -0.4865904152   0.2367702276   0.7103106976
  98.0000000000   0.9799999595   0.2584247887  -0.4784550071   0.2289191931   0.6867575645
  99.0000000000   0.9899999499   0.2536804080  -0.4704217017   0.2212965786   0.6638897657
 100.0000000000   1.0000000000   0.2490158379  -0.4624908268   0.2138977647   0.6416932940
 101.0000000000   1.0099999905   0.2444300801  -0.4546626508   0.2067181319   0.6201543808
 102.0000000000   1.0199999809   0.2399220765  -0.4469372928   0.1997529417   0.5992588401
 103.0000000000   1.0299999714   0.2354908139  -0.4393148124   0.1929975003   0.5789924860
 104.0000000000   1.0399999619   0.2311352640  -0.4317951798   0.1864470840   0.5593412519
 105.0000000000   1.0499999523   0.2268543988  -0.4243782759   0.1800969243   0.5402907729
 106.0000000000   1.0599999428   0.2226471901  -0.4170639217   0.1739423126   0.5218269229
 107.0000000000   1.0699999332   0.2185126096  -0.4098518491   0.1679785401   0.5039356351
 108.0000000000   1.0799999237   0.2144496441  -0.4027417600   0.1622009277   0.4866027832
 109.0000000000   1.0900000334   0.2104572803  -0.3957332373   0.1566047966   0.4698143899
 110.0000000000   1.1000000238   0.2065344900  -0.3888258338   0.1511855274   0.4535565972
 111.0000000000   1.1100000143   0.2026802599  -0.3820190430   0.1459385455   0.4378156364
 112.0000000000   1.1200000048   0.1988935918  -0.3753123283   0.1408593506   0.4225780368
 113.0000000000   1.1299999952   0.1951735020  -0.3687050641   0.1359434277   0.4078302979
 114.0000000000   1.1399999857   0.1915189922  -0.3621966541   0.1311864108   0.3935592175
 115.0000000000   1.1499999762   0.1879290789  -0.3557863832   0.1265839487   0.3797518611
 116.0000000000   1.1599999666   0.1844027787  -0.3494735360   0.1221317500   0.3663952351
 117.0000000000   1.1699999571   0.1809391230  -0.3432573378   0.1178255975   0.3534767926
 118.0000000000   1.1799999475   0.1775371581  -0.3371370137   0.1136613637   0.3409841061
 119.0000000000   1.1899999380   0.1741959155  -0.3311117589   0.1096349955   0.3289049864
 120.0000000000   1.1999999285   0.1709144562  -0.3251807392   0.1057425141   0.3172275424
 121.0000000000   1.2099999189   0.1676918417  -0.3193430603   0.1019799933   0.3059399724
 122.0000000000   1.2200000286   0.1645271480  -0.3135978281   0.0983435959   0.2950307727
 123.0000000000   1.2300000191   0.1614194363  -0.3079441190   0.0948295817   0.2844887376
 124.0000000000   1.2400000095   0.1583678126  -0.3023810387   0.0914342925   0.2743028700
 125.0000000000   1.2500000000   0.1553713828  -0.2969076037   0.0881541222   0.2644623518
 126.0000000000   1.2599999905   0.1524292380  -0.2915228605   0.0849855766   0.2549567223
 127.0000000000   1.2699999809   0.1495404840  -0.2862258255   0.0819252208   0.2457756698
 128.0000000000   1.2799999714   0.1467042714  -0.2810155153   0.0789697170   0.2369091511
 129.0000000000   1.2899999619   0.1439197510  -0.2758909166   0.0761157945   0.2283473909
 130.0000000000   1.2999999523   0.1411860436  -0.2708510458   0.0733602867   0.2200808525
 131.0000000000   1.3099999428   0.1385023147  -0.2658948600   0.0707000792   0.2121002376
 132.0000000000   1.3199999332   0.1358677298  -0.2610213459   0.0681321397   0.2043964267
 133.0000000000   1.3299999237   0.1332814842  -0.2562294900   0.0656535551   0.1969606578
 134.0000000000   1.3399999142   0.1307427436  -0.2515182495   0.0632614270   0.1897842884
 135.0000000000   1.3500000238   0.1282507181  -0.2468865812   0.0609529838   0.1828589439
 136.0000000000   1.3600000143   0.1258046180  -0.2423334420   0.0587254986   0.1761764884
 137.0000000000   1.3700000048   0.1234036684  -0.2378578037   0.0565763339   0.1697289944
 138.0000000000   1.3799999952   0.1210470870  -0.2334586233   0.0545029305   0.1635087878
 139.0000000000   1.3899999857   0.1187341213  -0.2291348726   0.0525027886   0.1575083733
 140.0000000000   1.3999999762   0.1164640188  -0.2248855084   0.0505734906   0.1517204642
 141.0000000000   1.4099999666   0.1142360419  -0.2207095027   0.0487126857   0.1461380571
 142.0000000000   1.4199999571   0.1120494679  -0.2166058123   0.0469180793   0.1407542378
 143.0000000000   1.4299999475   0.1099035740  -0.2125734240   0.0451874621   0.1355623901
 144.0000000000   1.4399999380   0.1077976525  -0.2086113095   0.0435186774   0.1305560321
 145.0000000000   1.4499999285   0.1057310030  -0.2047184408   0.0419096388   0.1257289201
 146.0000000000   1.4599999189   0.1037029475  -0.2008938193   0.0403583273   0.1210749820
 147.0000000000   1.4699999094   0.1017128006  -0.1971364319   0.0388627723   0.1165883169
 148.0000000000   1.4800000191   0.0997598916  -0.1934452653   0.0374210700   0.1122632101
 149.0000000000   1.4900000095   0.0978435650  -0.1898193359   0.0360313803   0.1080941409
 150.0000000000   1.5000000000   0.0959631801  -0.1862576604   0.0346919149   0.1040757447
 151.0000000000   1.5099999905   0.0941180959  -0.1827592552   0.0334009454   0.1002028361
 152.0000000000   1.5199999809   0.0923076868  -0.1793231517   0.0321567915   0.0964703709
 153.0000000000   1.5299999714   0.0905313343  -0.1759483814   0.0309578329   0.0928734988
 154.0000000000   1.5399999619   0.0887884200  -0.1726339906   0.0298024956   0.0894074887
 155.0000000000   1.5499999523   0.0870783553  -0.1693790257   0.0286892541   0.0860677660
 156.0000000000   1.5599999428   0.0854005441  -0.1661825478   0.0276166387   0.0828499198
 157.0000000000   1.5699999332   0.0837544128  -0.1630436331   0.0265832264   0.0797496811
 158.0000000000   1.5799999237   0.0821393877  -0.1599613726   0.0255876407   0.0767629221
 159.0000000000   1.5899999142   0.0805549026  -0.1569348425   0.0246285442   0.0738856345
 160.0000000000   1.5999999046   0.0790004134  -0.1539631486   0.0237046517   0.0711139590
 161.0000000000   1.6100000143   0.0774753690  -0.1510453969   0.0228147116   0.0684441328
 162.0000000000   1.6200000048   0.0759792328  -0.1481807083   0.0219575223   0.0658725649
 163.0000000000   1.6299999952   0.0745114833  -0.1453682035   0.0211319141   0.0633957386
 164.0000000000   1.6399999857   0.0730716065  -0.1426070333   0.0203367658   0.0610102974
 165.0000000000   1.6499999762   0.0716590881  -0.1398963332   0.0195709839   0.0587129518
 166.0000000000   1.6599999666   0.0702734292  -0.1372352839   0.0188335236   0.0565005690
 167.0000000000   1.6699999571   0.0689141378  -0.1346230358   0.0181233622   0.0543700866
 168.0000000000   1.6799999475   0.0675807297  -0.1320587844   0.0174395218   0.0523185655
 169.0000000000   1.6899999380   0.0662727281  -0.1295417100   0.0167810544   0.0503431633
 170.0000000000   1.6999999285   0.0649896637  -0.1270710230   0.0161470454   0.0484411344
 171.0000000000   1.7099999189   0.0637310743  -0.1246459335   0.0155366091   0.0466098264
 172.0000000000   1.7199999094   0.0624965169  -0.1222656667   0.0149488933   0.0448466800
 173.0000000000   1.7300000191   0.0612855442  -0.1199294478   0.0143830720   0.0431492180
 174.0000000000   1.7400000095   0.0600977167  -0.1176365241   0.0138383517   0.0415150560
 175.0000000000   1.7500000000   0.0589326024  -0.1153861508   0.0133139640   0.0399418920
 176.0000000000   1.7599999905   0.0577897839  -0.1131775901   0.0128091667   0.0384275019
 177.0000000000   1.7699999809   0.0566688441  -0.1110101193   0.0123232463   0.0369697399
 178.0000000000   1.7799999714   0.0555693768  -0.1088830233   0.0118555129   0.0355665386
 179.0000000000   1.7899999619   0.0544909835  -0.1067955941   0.0114052985   0.0342158973
 180.0000000000   1.7999999523   0.0534332693  -0.1047471389   0.0109719634   0.0329158902
 181.0000000000   1.8099999428   0.0523958504  -0.1027369723   0.0105548855   0.0316646546
 182.0000000000   1.8199999332   0.0513783470  -0.1007644236   0.0101534687   0.0304604061
 183.0000000000   1.8299999237   0.0503803827  -0.0988288224   0.0097671365   0.0293014087
 184.0000000000   1.8399999142   0.0494015887  -0.0969295204   0.0093953321   0.0281859972
 185.0000000000   1.8499999046   0.0484416112  -0.0950658768   0.0090375207   0.0271125622
 186.0000000000   1.8600000143   0.0475000925  -0.0932372510   0.0086931847   0.0260795541
 187.0000000000   1.8700000048   0.0465766899  -0.0914430246   0.0083618267   0.0250854790
 188.0000000000   1.8799999952   0.0456710644  -0.0896825790   0.0080429651   0.0241288953
 189.0000000000   1.8899999857   0.0447828732  -0.0879553109   0.0077361367   0.0232084095
 190.0000000000   1.8999999762   0.0439117961  -0.0862606242   0.0074408953   0.0223226864
 191.0000000000   1.9099999666   0.0430575050  -0.0845979303   0.0071568098   0.0214704294
 192.0000000000   1.9199999571   0.0422196798  -0.0829666555   0.0068834662   0.0206503980
 193.0000000000   1.9299999475   0.0413980149  -0.0813662335   0.0066204639   0.0198613927
 194.0000000000   1.9399999380   0.0405922011  -0.0797960982   0.0063674171   0.0191022512
 195.0000000000   1.9499999285   0.0398019403  -0.0782557055   0.0061239554   0.0183718652
 196.0000000000   1.9599999189   0.0390269384  -0.0767445192   0.0058897212   0.0176691636
 197.0000000000   1.9699999094   0.0382669047  -0.0752620026   0.0056643691   0.0169931073
 198.0000000000   1.9799998999   0.0375215560  -0.0738076344   0.0054475670   0.0163427014
 199.0000000000   1.9900000095   0.0367906131  -0.0723809004   0.0052389950   0.0157169849
 200.0000000000   2.0000000000   0.0360738039  -0.0709812939   0.0050383443   0.0151150329
 201.0000000000   2.0099999905   0.0353708565  -0.0696083233   0.0048453189   0.0145359561
 202.0000000000   2.0199999809   0.0346815102  -0.0682614893   0.0046596308   0.0139788929
 203.0000000000   2.0299999714   0.0340055004  -0.0669403225   0.0044810069   0.0134430211
 204.0000000000   2.0399999619   0.0333425738  -0.0656443462   0.0043091802   0.0129275406
 205.0000000000   2.0499999523   0.0326924846  -0.0643730909   0.0041438947   0.0124316840
 206.0000000000   2.0599999428   0.0320549905  -0.0631261021   0.0039849048   0.0119547145
 207.0000000000   2.0699999332   0.0314298458  -0.0619029365   0.0038319735   0.0114959208
 208.0000000000   2.0799999237   0.0308168158  -0.0607031472   0.0036848721   0.0110546164
 209.0000000000   2.0899999142   0.0302156676  -0.0595263019   0.0035433806   0.0106301419
 210.0000000000   2.0999999046   0.0296261776  -0.0583719760   0.0034072876   0.0102218632
 211.0000000000   2.1099998951   0.0290481187  -0.0572397523   0.0032763893   0.0098291682
 212.0000000000   2.1199998856   0.0284812730  -0.0561292171   0.0031504889   0.0094514666
 213.0000000000   2.1299998760   0.0279254280  -0.0550399646   0.0030293977   0.0090881931
 214.0000000000   2.1399998665   0.0273803696  -0.0539715998   0.0029129335   0.0087388009
 215.0000000000   2.1499998569   0.0268458929  -0.0529237352   0.0028009217   0.0084027648
 216.0000000000   2.1599998474   0.0263217948  -0.0518959835   0.0026931930   0.0080795791
 217.0000000000   2.1699998379   0.0258078761  -0.0508879684   0.0025895853   0.0077687558
 218.0000000000   2.1800000668   0.0253039394  -0.0498993210   0.0024899421   0.0074698264
 219.0000000000   2.1900000572   0.0248097945  -0.0489296764   0.0023941132   0.0071823397
 220.0000000000   2.2000000477   0.0243252534  -0.0479786806   0.0023019537   0.0069058612
 221.0000000000   2.2100000381   0.0238501299  -0.0470459796   0.0022133242   0.0066399723
 222.0000000000   2.2200000286   0.0233842451  -0.0461312309   0.0021280905   0.0063842712
 223.0000000000   2.2300000191   0.0229274184  -0.0452340953   0.0020461234   0.0061383704
 224.0000000000   2.2400000095   0.0224794764  -0.0443542413   0.0019672988   0.0059018964
 225.0000000000   2.2500000000   0.0220402479  -0.0434913449   0.0018914971   0.0056744912
 226.0000000000   2.2599999905   0.0216095671  -0.0426450856   0.0018186034   0.0054558101
 227.0000000000   2.2699999809   0.0211872663  -0.0418151468   0.0017485064   0.0052455193
 228.0000000000   2.2799999714   0.0207731854  -0.0410012193   0.0016811000   0.0050432999
 229.0000000000   2.2899999619   0.0203671642  -0.0402030014   0.0016162813   0.0048488439
 230.0000000000   2.2999999523   0.0199690480  -0.0394201949   0.0015539518   0.0046618553
 231.0000000000   2.3099999428   0.0195786841  -0.0386525057   0.0014940161   0.0044820486
 232.0000000000   2.3199999332   0.0191959236  -0.0378996506   0.0014363835   0.0043091504
 233.0000000000   2.3299999237   0.0188206192  -0.0371613465   0.0013809657   0.0041428972
 234.0000000000   2.3399999142   0.0184526276  -0.0364373140   0.0013276779   0.0039830338
 235.0000000000   2.3499999046   0.0180918053  -0.0357272848   0.0012764389   0.0038293167
 236.0000000000   2.3599998951   0.0177380145  -0.0350309908   0.0012271703   0.0036815112
 237.0000000000   2.3699998856   0.0173911192  -0.0343481712   0.0011797969   0.0035393906
 238.0000000000   2.3799998760   0.0170509852  -0.0336785689   0.0011342460   0.0034027379
 239.0000000000   2.3899998665   0.0167174842  -0.0330219343   0.0010904481   0.0032713444
 240.0000000000   2.3999998569   0.0163904857  -0.0323780179   0.0010483360   0.0031450081
 241.0000000000   2.4099998474   0.0160698630  -0.0317465775   0.0010078452   0.0030235355
 242.0000000000   2.4199998379   0.0157554932  -0.0311273728   0.0009689133   0.0029067399
 243.0000000000   2.4299998283   0.0154472552  -0.0305201691   0.0009314807   0.0027944422
 244.0000000000   2.4400000572   0.0151450308  -0.0299247392   0.0008954900   0.0026864700
 245.0000000000   2.4500000477   0.0148487035  -0.0293408576   0.0008608859   0.0025826578
 246.0000000000   2.4600000381   0.0145581579  -0.0287683029   0.0008276153   0.0024828459
 247.0000000000   2.4700000286   0.0142732821  -0.0282068569   0.0007956268   0.0023868803
 248.0000000000   2.4800000191   0.0139939664  -0.0276563074   0.0007648714   0.0022946140
 249.0000000000   2.4900000095   0.0137201026  -0.0271164458   0.0007353016   0.0022059050
 250.0000000000   2.5000000000   0.0134515846  -0.0265870672   0.0007068721   0.0021206164
 251.0000000000   2.5099999905   0.0131883100  -0.0260679703   0.0006795391   0.0020386172
 252.0000000000   2.5199999809   0.0129301753  -0.0255589578   0.0006532603   0.0019597809
 253.0000000000   2.5299999714   0.0126770819  -0.0250598341   0.0006279953   0.0018839859
 254.0000000000   2.5399999619   0.0124289310  -0.0245704111   0.0006037051   0.0018111153
 255.0000000000   2.5499999523   0.0121856257  -0.0240905005   0.0005803522   0.0017410566
 256.0000000000   2.5599999428   0.0119470730  -0.0236199200   0.0005579006   0.0016737019
 257.0000000000   2.5699999332   0.0117131807  -0.0231584907   0.0005363157   0.0016089471
 258.0000000000   2.5799999237   0.0114838583  -0.0227060355   0.0005155641   0.0015466921
 259.0000000000   2.5899999142   0.0112590166  -0.0222623814   0.0004956136   0.0014868409
 260.0000000000   2.5999999046   0.0110385679  -0.0218273606   0.0004764337   0.0014293010
 261.0000000000   2.6099998951   0.0108224265  -0.0214008037   0.0004579944   0.0013739832
 262.0000000000   2.6199998856   0.0106105097  -0.0209825505   0.0004402674   0.0013208023
 263.0000000000   2.6299998760   0.0104027353  -0.0205724388   0.0004232253   0.0012696758
 264.0000000000   2.6399998665   0.0101990215  -0.0201703105   0.0004068414   0.0012205243
 265.0000000000   2.6499998569   0.0099992901  -0.0197760127   0.0003910907   0.0011732720
 266.0000000000   2.6599998474   0.0098034637  -0.0193893947   0.0003759486   0.0011278458
 267.0000000000   2.6699998379   0.0096114650  -0.0190103073   0.0003613918   0.0010841753
 268.0000000000   2.6799998283   0.0094232205  -0.0186386053   0.0003473976   0.0010421928
 269.0000000000   2.6900000572   0.0092386575  -0.0182741471   0.0003339445   0.0010018334
 270.0000000000   2.7000000477   0.0090577034  -0.0179167911   0.0003210114   0.0009630342
 271.0000000000   2.7100000381   0.0088802874  -0.0175663996   0.0003085784   0.0009257352
 272.0000000000   2.7200000286   0.0087063406  -0.0172228385   0.0002966262   0.0008898785
 273.0000000000   2.7300000191   0.0085357968  -0.0168859754   0.0002851362   0.0008554085
 274.0000000000   2.7400000095   0.0083685881  -0.0165556800   0.0002740905   0.0008222716
 275.0000000000   2.7500000000   0.0082046511  -0.0162318256   0.0002634722   0.0007904165
 276.0000000000   2.7599999905   0.0080439206  -0.0159142874   0.0002532645   0.0007597936
 277.0000000000   2.7699999809   0.0078863353  -0.0156029435   0.0002434518   0.0007303555
 278.0000000000   2.7799999714   0.0077318321  -0.0152976736   0.0002340188   0.0007020565
 279.0000000000   2.7899999619   0.0075803520  -0.0149983596   0.0002249508   0.0006748524
 280.0000000000   2.7999999523   0.0074318359  -0.0147048859   0.0002162337   0.0006487010
 281.0000000000   2.8099999428   0.0072862259  -0.0144171398   0.0002078539   0.0006235618
 282.0000000000   2.8199999332   0.0071434649  -0.0141350096   0.0001997985   0.0005993955
 283.0000000000   2.8299999237   0.0070034978  -0.0138583863   0.0001920549   0.0005761646
 284.0000000000   2.8399999142   0.0068662697  -0.0135871628   0.0001846110   0.0005538330
 285.0000000000   2.8499999046   0.0067317276  -0.0133212348   0.0001774553   0.0005323659
 286.0000000000   2.8599998951   0.0065998193  -0.0130604990   0.0001705766   0.0005117299
 287.0000000000   2.8699998856   0.0064704926  -0.0128048547   0.0001639643   0.0004918929
 288.0000000000   2.8799998760   0.0063436972  -0.0125542032   0.0001576080   0.0004728240
 289.0000000000   2.8899998665   0.0062193843  -0.0123084467   0.0001514979   0.0004544936
 290.0000000000   2.8999998569   0.0060975044  -0.0120674903   0.0001456243   0.0004368729
 291.0000000000   2.9099998474   0.0059780111  -0.0118312407   0.0001399783   0.0004199348
 292.0000000000   2.9199998379   0.0058608567  -0.0115996068   0.0001345509   0.0004036526
 293.0000000000   2.9299998283   0.0057459963  -0.0113724992   0.0001293337   0.0003880012
 294.0000000000   2.9399998188   0.0056333845  -0.0111498293   0.0001243187   0.0003729560
 295.0000000000   2.9500000477   0.0055229776  -0.0109315105   0.0001194979   0.0003584938
 296.0000000000   2.9600000381   0.0054147327  -0.0107174581   0.0001148639   0.0003445917
 297.0000000000   2.9700000286   0.0053086071  -0.0105075892   0.0001104094   0.0003312283
 298.0000000000   2.9800000191   0.0052045598  -0.0103018228   0.0001061276   0.0003183827
 299.0000000000   2.9900000095   0.0051025501  -0.0101000778   0.0001020116   0.0003060347
 300.0000000000   3.0000000000   0.0050025382  -0.0099022770   0.0000980551   0.0002941653
 301.0000000000   3.0099999905   0.0049044848  -0.0097083431   0.0000942519   0.0002827558
 302.0000000000   3.0199999809   0.0048083523  -0.0095182015   0.0000905962   0.0002717885
 303.0000000000   3.0299999714   0.0047141025  -0.0093317777   0.0000870821   0.0002612462
 304.0000000000   3.0399999619   0.0046216990  -0.0091489991   0.0000837042   0.0002511126
 305.0000000000   3.0499999523   0.0045311050  -0.0089697950   0.0000804572   0.0002413717
 306.0000000000   3.0599999428   0.0044422857  -0.0087940954   0.0000773361   0.0002320083
 307.0000000000   3.0699999332   0.0043552062  -0.0086218324   0.0000743360   0.0002230080
 308.0000000000   3.0799999237   0.0042698323  -0.0084529389   0.0000714522   0.0002143565
 309.0000000000   3.0899999142   0.0041861311  -0.0082873488   0.0000686802   0.0002060405
 310.0000000000   3.0999999046   0.0041040694  -0.0081249988   0.0000660156   0.0001980468
 311.0000000000   3.1099998951   0.0040236153  -0.0079658246   0.0000634544   0.0001903631
 312.0000000000   3.1199998856   0.0039447374  -0.0078097642   0.0000609924   0.0001829773
 313.0000000000   3.1299998760   0.0038674048  -0.0076567573   0.0000586259   0.0001758778
 314.0000000000   3.1399998665   0.0037915874  -0.0075067440   0.0000563512   0.0001690536
 315.0000000000   3.1499998569   0.0037172553  -0.0073596663   0.0000541647   0.0001624941
 316.0000000000   3.1599998474   0.0036443798  -0.0072154668   0.0000520630   0.0001561889
 317.0000000000   3.1699998379   0.0035729320  -0.0070740893   0.0000500427   0.0001501282
 318.0000000000   3.1799998283   0.0035028842  -0.0069354787   0.0000481009   0.0001443026
 319.0000000000   3.1899998188   0.0034342087  -0.0067995805   0.0000462343   0.0001387029
 320.0000000000   3.1999998093   0.0033668790  -0.0066663423   0.0000444401   0.0001333204
 321.0000000000   3.2100000381   0.0033008687  -0.0065357122   0.0000427155   0.0001281466
 322.0000000000   3.2200000286   0.0032361518  -0.0064076390   0.0000410578   0.0001231735
 323.0000000000   3.2300000191   0.0031727033  -0.0062820730   0.0000394644   0.0001183933
 324.0000000000   3.2400000095   0.0031104982  -0.0061589647   0.0000379328   0.0001137985
 325.0000000000   3.2500000000   0.0030495119  -0.0060382667   0.0000364607   0.0001093820
 326.0000000000   3.2599999905   0.0029897208  -0.0059199315   0.0000350456   0.0001051368
 327.0000000000   3.2699999809   0.0029311015  -0.0058039133   0.0000336854   0.0001010562
 328.0000000000   3.2799999714   0.0028736312  -0.0056901667   0.0000323780   0.0000971340
 329.0000000000   3.2899999619   0.0028172871  -0.0055786474   0.0000311213   0.0000933639
 330.0000000000   3.2999999523   0.0027620473  -0.0054693115   0.0000299134   0.0000897401
 331.0000000000   3.3099999428   0.0027078902  -0.0053621167   0.0000287523   0.0000862569
 332.0000000000   3.3199999332   0.0026547946  -0.0052570207   0.0000276363   0.0000829088
 333.0000000000   3.3299999237   0.0026027397  -0.0051539829   0.0000265635   0.0000796906
 334.0000000000   3.3399999142   0.0025517049  -0.0050529633   0.0000255324   0.0000765973
 335.0000000000   3.3499999046   0.0025016705  -0.0049539218   0.0000245413   0.0000736240
 336.0000000000   3.3599998951   0.0024526168  -0.0048568202   0.0000235887   0.0000707661
 337.0000000000   3.3699998856   0.0024045245  -0.0047616204   0.0000226730   0.0000680191
 338.0000000000   3.3799998760   0.0023573749  -0.0046682851   0.0000217929   0.0000653787
 339.0000000000   3.3899998665   0.0023111496  -0.0045767780   0.0000209469   0.0000628407
 340.0000000000   3.3999998569   0.0022658305  -0.0044870633   0.0000201337   0.0000604012
 341.0000000000   3.4099998474   0.0022213997  -0.0043991059   0.0000193521   0.0000580564
 342.0000000000   3.4199998379   0.0021778399  -0.0043128715   0.0000186009   0.0000558026
 343.0000000000   3.4299998283   0.0021351341  -0.0042283265   0.0000178787   0.0000536362
 344.0000000000   3.4399998188   0.0020932653  -0.0041454379   0.0000171847   0.0000515540
 345.0000000000   3.4499998093   0.0020522173  -0.0040641730   0.0000165175   0.0000495525
 346.0000000000   3.4600000381   0.0020119739  -0.0039845002   0.0000158762   0.0000476287
 347.0000000000   3.4700000286   0.0019725193  -0.0039063883   0.0000152599   0.0000457796
 348.0000000000   3.4800000191   0.0019338384  -0.0038298066   0.0000146674   0.0000440023
 349.0000000000   3.4900000095   0.0018959157  -0.0037547252   0.0000140980   0.0000422939
 350.0000000000   3.5000000000   0.0018587366  -0.0036811149   0.0000135506   0.0000406518
 351.0000000000   3.5099999905   0.0018222864  -0.0036089469   0.0000130245   0.0000390735
 352.0000000000   3.5199999809   0.0017865507  -0.0035381929   0.0000125188   0.0000375564
 353.0000000000   3.5299999714   0.0017515157  -0.0034688255   0.0000120328   0.0000360983
 354.0000000000   3.5399999619   0.0017171674  -0.0034008173   0.0000115656   0.0000346967
 355.0000000000   3.5499999523   0.0016834927  -0.0033341416   0.0000111165   0.0000333495
 356.0000000000   3.5599999428   0.0016504781  -0.0032687725   0.0000106849   0.0000320546
 357.0000000000   3.5699999332   0.0016181109  -0.0032046845   0.0000102700   0.0000308100
 358.0000000000   3.5799999237   0.0015863783  -0.0031418523   0.0000098712   0.0000296137
 359.0000000000   3.5899999142   0.0015552678  -0.0030802514   0.0000094879   0.0000284638
 360.0000000000   3.5999999046   0.0015247673  -0.0030198577   0.0000091195   0.0000273586
 361.0000000000   3.6099998951   0.0014948647  -0.0029606477   0.0000087654   0.0000262963
 362.0000000000   3.6199998856   0.0014655484  -0.0029025979   0.0000084251   0.0000252752
 363.0000000000   3.6299998760   0.0014368070  -0.0028456859   0.0000080979   0.0000242938
 364.0000000000   3.6399998665   0.0014086290  -0.0027898892   0.0000077835   0.0000233504
 365.0000000000   3.6499998569   0.0013810035  -0.0027351861   0.0000074812   0.0000224437
 366.0000000000   3.6599998474   0.0013539197  -0.0026815552   0.0000071907   0.0000215722
 367.0000000000   3.6699998379   0.0013273670  -0.0026289755   0.0000069115   0.0000207345
 368.0000000000   3.6799998283   0.0013013351  -0.0025774264   0.0000066431   0.0000199294
 369.0000000000   3.6899998188   0.0012758136  -0.0025268877   0.0000063852   0.0000191555
 370.0000000000   3.6999998093   0.0012507924  -0.0024773395   0.0000061372   0.0000184116
 371.0000000000   3.7099997997   0.0012262618  -0.0024287624   0.0000058989   0.0000176967
 372.0000000000   3.7200000286   0.0012022123  -0.0023811376   0.0000056698   0.0000170094
 373.0000000000   3.7300000191   0.0011786344  -0.0023344464   0.0000054496   0.0000163489
 374.0000000000   3.7400000095   0.0011555188  -0.0022886703   0.0000052380   0.0000157140
 375.0000000000   3.7500000000   0.0011328566  -0.0022437915   0.0000050346   0.0000151038
 376.0000000000   3.7599999905   0.0011106387  -0.0021997925   0.0000048391   0.0000145173
 377.0000000000   3.7699999809   0.0010888565  -0.0021566560   0.0000046512   0.0000139535
 378.0000000000   3.7799999714   0.0010675014  -0.0021143651   0.0000044705   0.0000134116
 379.0000000000   3.7899999619   0.0010465650  -0.0020729033   0.0000042969   0.0000128908
 380.0000000000   3.7999999523   0.0010260392  -0.0020322544   0.0000041301   0.0000123902
 381.0000000000   3.8099999428   0.0010059160  -0.0019924021   0.0000039697   0.0000119090
 382.0000000000   3.8199999332   0.0009861874  -0.0019533313   0.0000038155   0.0000114465
 383.0000000000   3.8299999237   0.0009668455  -0.0019150265   0.0000036673   0.0000110020
 384.0000000000   3.8399999142   0.0009478831  -0.0018774725   0.0000035249   0.0000105747
 385.0000000000   3.8499999046   0.0009292925  -0.0018406548   0.0000033880   0.0000101640
 386.0000000000   3.8599998951   0.0009110664  -0.0018045589   0.0000032564   0.0000097693
 387.0000000000   3.8699998856   0.0008931978  -0.0017691707   0.0000031300   0.0000093899
 388.0000000000   3.8799998760   0.0008756795  -0.0017344763   0.0000030084   0.0000090252
 389.0000000000   3.8899998665   0.0008585048  -0.0017004621   0.0000028916   0.0000086747
 390.0000000000   3.8999998569   0.0008416670  -0.0016671148   0.0000027793   0.0000083378
 391.0000000000   3.9099998474   0.0008251593  -0.0016344213   0.0000026713   0.0000080140
 392.0000000000   3.9199998379   0.0008089754  -0.0016023688   0.0000025676   0.0000077028
 393.0000000000   3.9299998283   0.0007931088  -0.0015709447   0.0000024679   0.0000074036
 394.0000000000   3.9399998188   0.0007775534  -0.0015401368   0.0000023720   0.0000071161
 395.0000000000   3.9499998093   0.0007623030  -0.0015099328   0.0000022799   0.0000068397
 396.0000000000   3.9599997997   0.0007473518  -0.0014803211   0.0000021914   0.0000065741
 397.0000000000   3.9700000286   0.0007326938  -0.0014512900   0.0000021062   0.0000063187
 398.0000000000   3.9800000191   0.0007183232  -0.0014228281   0.0000020244   0.0000060733
 399.0000000000   3.9900000095   0.0007042344  -0.0013949242   0.0000019458   0.0000058374
 400.0000000000   4.0000000000   0.0006904220  -0.0013675676   0.0000018702   0.0000056107
 401.0000000000   4.0099997520   0.0006768804  -0.0013407472   0.0000017976   0.0000053928
 402.0000000000   4.0199999809   0.0006636044  -0.0013144528   0.0000017278   0.0000051834
 403.0000000000   4.0299997330   0.0006505888  -0.0012886741   0.0000016607   0.0000049820
 404.0000000000   4.0399999619   0.0006378284  -0.0012634008   0.0000015962   0.0000047885
 405.0000000000   4.0499997139   0.0006253182  -0.0012386231   0.0000015342   0.0000046026
 406.0000000000   4.0599999428   0.0006130534  -0.0012143311   0.0000014746   0.0000044238
 407.0000000000   4.0699996948   0.0006010293  -0.0011905156   0.0000014173   0.0000042520
 408.0000000000   4.0799999237   0.0005892409  -0.0011671670   0.0000013623   0.0000040868
 409.0000000000   4.0899996758   0.0005776836  -0.0011442762   0.0000013094   0.0000039281
 410.0000000000   4.0999999046   0.0005663531  -0.0011218344   0.0000012585   0.0000037755
 411.0000000000   4.1100001335   0.0005552447  -0.0010998326   0.0000012096   0.0000036289
 412.0000000000   4.1199998856   0.0005443543  -0.0010782622   0.0000011626   0.0000034879
 413.0000000000   4.1300001144   0.0005336774  -0.0010571148   0.0000011175   0.0000033525
 414.0000000000   4.1399998665   0.0005232099  -0.0010363822   0.0000010741   0.0000032223
 415.0000000000   4.1500000954   0.0005129477  -0.0010160560   0.0000010324   0.0000030971
 416.0000000000   4.1599998474   0.0005028868  -0.0009961285   0.0000009923   0.0000029768
 417.0000000000   4.1700000763   0.0004930232  -0.0009765917   0.0000009537   0.0000028612
 418.0000000000   4.1799998283   0.0004833531  -0.0009574381   0.0000009167   0.0000027501
 419.0000000000   4.1900000572   0.0004738726  -0.0009386601   0.0000008811   0.0000026432
 420.0000000000   4.1999998093   0.0004645780  -0.0009202503   0.0000008469   0.0000025406
 421.0000000000   4.2100000381   0.0004554658  -0.0009022015   0.0000008140   0.0000024419
 422.0000000000   4.2199997902   0.0004465322  -0.0008845067   0.0000007824   0.0000023471
 423.0000000000   4.2300000191   0.0004377739  -0.0008671589   0.0000007520   0.0000022559
 424.0000000000   4.2399997711   0.0004291874  -0.0008501512   0.0000007228   0.0000021683
 425.0000000000   4.2500000000   0.0004207692  -0.0008334771   0.0000006947   0.0000020841
 426.0000000000   4.2599997520   0.0004125162  -0.0008171300   0.0000006677   0.0000020031
 427.0000000000   4.2699999809   0.0004044250  -0.0008011035   0.0000006418   0.0000019253
 428.0000000000   4.2799997330   0.0003964925  -0.0007853913   0.0000006168   0.0000018505
 429.0000000000   4.2899999619   0.0003887156  -0.0007699872   0.0000005929   0.0000017786
 430.0000000000   4.2999997139   0.0003810913  -0.0007548853   0.0000005699   0.0000017096
 431.0000000000   4.3099999428   0.0003736164  -0.0007400794   0.0000005477   0.0000016432
 432.0000000000   4.3199996948   0.0003662882  -0.0007255640   0.0000005264   0.0000015793
 433.0000000000   4.3299999237   0.0003591038  -0.0007113332   0.0000005060   0.0000015180
 434.0000000000   4.3399996758   0.0003520602  -0.0006973815   0.0000004863   0.0000014590
 435.0000000000   4.3499999046   0.0003451548  -0.0006837034   0.0000004675   0.0000014024
 436.0000000000   4.3600001335   0.0003383848  -0.0006702936   0.0000004493   0.0000013479
 437.0000000000   4.3699998856   0.0003317476  -0.0006571467   0.0000004318   0.0000012955
 438.0000000000   4.3800001144   0.0003252406  -0.0006442578   0.0000004151   0.0000012452
 439.0000000000   4.3899998665   0.0003188612  -0.0006316215   0.0000003989   0.0000011968
 440.0000000000   4.4000000954   0.0003126069  -0.0006192331   0.0000003834   0.0000011503
 441.0000000000   4.4099998474   0.0003064753  -0.0006070877   0.0000003686   0.0000011057
 442.0000000000   4.4200000763   0.0003004640  -0.0005951804   0.0000003542   0.0000010627
 443.0000000000   4.4299998283   0.0002945706  -0.0005835067   0.0000003405   0.0000010214
 444.0000000000   4.4400000572   0.0002887927  -0.0005720620   0.0000003273   0.0000009818
 445.0000000000   4.4499998093   0.0002831282  -0.0005608417   0.0000003145   0.0000009436
 446.0000000000   4.4600000381   0.0002775748  -0.0005498414   0.0000003023   0.0000009070
 447.0000000000   4.4699997902   0.0002721303  -0.0005390570   0.0000002906   0.0000008717
 448.0000000000   4.4800000191   0.0002667926  -0.0005284839   0.0000002793   0.0000008379
 449.0000000000   4.4899997711   0.0002615596  -0.0005181183   0.0000002684   0.0000008053
 450.0000000000   4.5000000000   0.0002564292  -0.0005079560   0.0000002580   0.0000007741
 451.0000000000   4.5099997520   0.0002513995  -0.0004979930   0.0000002480   0.0000007440
 452.0000000000   4.5199999809   0.0002464684  -0.0004882253   0.0000002384   0.0000007151
 453.0000000000   4.5299997330   0.0002416340  -0.0004786493   0.0000002291   0.0000006873
 454.0000000000   4.5399999619   0.0002368945  -0.0004692611   0.0000002202   0.0000006606
 455.0000000000   4.5499997139   0.0002322479  -0.0004600570   0.0000002117   0.0000006350
 456.0000000000   4.5599999428   0.0002276924  -0.0004510334   0.0000002034   0.0000006103
 457.0000000000   4.5699996948   0.0002232263  -0.0004421868   0.0000001955   0.0000005866
 458.0000000000   4.5799999237   0.0002188478  -0.0004335137   0.0000001879   0.0000005638
 459.0000000000   4.5899996758   0.0002145552  -0.0004250107   0.0000001806   0.0000005419
 460.0000000000   4.5999999046   0.0002103468  -0.0004166745   0.0000001736   0.0000005209
 461.0000000000   4.6100001335   0.0002062209  -0.0004085017   0.0000001669   0.0000005006
 462.0000000000   4.6199998856   0.0002021760  -0.0004004893   0.0000001604   0.0000004812
 463.0000000000   4.6300001144   0.0001982104  -0.0003926340   0.0000001542   0.0000004625
 464.0000000000   4.6399998665   0.0001943225  -0.0003849328   0.0000001482   0.0000004445
 465.0000000000   4.6500000954   0.0001905109  -0.0003773826   0.0000001424   0.0000004273
 466.0000000000   4.6599998474   0.0001867741  -0.0003699806   0.0000001369   0.0000004107
 467.0000000000   4.6700000763   0.0001831106  -0.0003627237   0.0000001316   0.0000003947
 468.0000000000   4.6799998283   0.0001795189  -0.0003556091   0.0000001265   0.0000003794
 469.0000000000   4.6900000572   0.0001759977  -0.0003486341   0.0000001215   0.0000003646
 470.0000000000   4.6999998093   0.0001725456  -0.0003417958   0.0000001168   0.0000003505
 471.0000000000   4.7100000381   0.0001691612  -0.0003350917   0.0000001123   0.0000003369
 472.0000000000   4.7199997902   0.0001658431  -0.0003285191   0.0000001079   0.0000003238
 473.0000000000   4.7300000191   0.0001625901  -0.0003220754   0.0000001037   0.0000003112
 474.0000000000   4.7399997711   0.0001594010  -0.0003157581   0.0000000997   0.0000002991
 475.0000000000   4.7500000000   0.0001562743  -0.0003095647   0.0000000958   0.0000002875
 476.0000000000   4.7599997520   0.0001532091  -0.0003034928   0.0000000921   0.0000002763
 477.0000000000   4.7699999809   0.0001502039  -0.0002975399   0.0000000885   0.0000002656
 478.0000000000   4.7799997330   0.0001472577  -0.0002917039   0.0000000851   0.0000002553
 479.0000000000   4.7899999619   0.0001443692  -0.0002859822   0.0000000818   0.0000002454
 480.0000000000   4.7999997139   0.0001415374  -0.0002803729   0.0000000786   0.0000002358
 481.0000000000   4.8099999428   0.0001387612  -0.0002748735   0.0000000756   0.0000002267
 482.0000000000   4.8199996948   0.0001360394  -0.0002694820   0.0000000726   0.0000002179
 483.0000000000   4.8299999237   0.0001333710  -0.0002641962   0.0000000698   0.0000002094
 484.0000000000   4.8399996758   0.0001307550  -0.0002590141   0.0000000671   0.0000002013
 485.0000000000   4.8499999046   0.0001281903  -0.0002539337   0.0000000645   0.0000001934
 486.0000000000   4.8599996567   0.0001256758  -0.0002489529   0.0000000620   0.0000001859
 487.0000000000   4.8699998856   0.0001232107  -0.0002440698   0.0000000596   0.0000001787
 488.0000000000   4.8800001144   0.0001207940  -0.0002392824   0.0000000573   0.0000001718
 489.0000000000   4.8899998665   0.0001184246  -0.0002345890   0.0000000550   0.0000001651
 490.0000000000   4.9000000954   0.0001161017  -0.0002299876   0.0000000529   0.0000001587
 491.0000000000   4.9099998474   0.0001138244  -0.0002254765   0.0000000508   0.0000001525
 492.0000000000   4.9200000763   0.0001115917  -0.0002210539   0.0000000489   0.0000001466
 493.0000000000   4.9299998283   0.0001094029  -0.0002167180   0.0000000470   0.0000001409
 494.0000000000   4.9400000572   0.0001072570  -0.0002124671   0.0000000451   0.0000001354
 495.0000000000   4.9499998093   0.0001051531  -0.0002082997   0.0000000434   0.0000001302
 496.0000000000   4.9600000381   0.0001030905  -0.0002042139   0.0000000417   0.0000001251
 497.0000000000   4.9699997902   0.0001010684  -0.0002002083   0.0000000401   0.0000001203
 498.0000000000   4.9800000191   0.0000990860  -0.0001962813   0.0000000385   0.0000001156
 499.0000000000   4.9899997711   0.0000971424  -0.0001924313   0.0000000370   0.0000001111
 500.0000000000   5.0000000000   0.0000952370  -0.0001886568   0.0000000356   0.0000001068
 501.0000000000   5.0099997520   0.0000933689  -0.0001849564   0.0000000342   0.0000001026
 502.0000000000   5.0199999809   0.0000915375  -0.0001813285   0.0000000329   0.0000000986
 503.0000000000   5.0299997330   0.0000897420  -0.0001777718   0.0000000316   0.0000000948
 504.0000000000   5.0399999619   0.0000879817  -0.0001742849   0.0000000304   0.0000000911
 505.0000000000   5.0499997139   0.0000862560  -0.0001708663   0.0000000292   0.0000000876
 506.0000000000   5.0599999428   0.0000845641  -0.0001675148   0.0000000281   0.0000000842
 507.0000000000   5.0699996948   0.0000829053  -0.0001642291   0.0000000270   0.0000000809
 508.0000000000   5.0799999237   0.0000812791  -0.0001610077   0.0000000259   0.0000000778
 509.0000000000   5.0899996758   0.0000796849  -0.0001578496   0.0000000249   0.0000000747
 510.0000000000   5.0999999046   0.0000781218  -0.0001547534   0.0000000239   0.0000000718
 511.0000000000   5.1099996567   0.0000765895  -0.0001517180   0.0000000230   0.0000000691
 512.0000000000   5.1199998856   0.0000750872  -0.0001487421   0.0000000221   0.0000000664
 513.0000000000   5.1300001144   0.0000736144  -0.0001458245   0.0000000213   0.0000000638
 514.0000000000   5.1399998665   0.0000721704  -0.0001429642   0.0000000204   0.0000000613
 515.0000000000   5.1500000954   0.0000707548  -0.0001401600   0.0000000196   0.0000000589
 516.0000000000   5.1599998474   0.0000693669  -0.0001374108   0.0000000189   0.0000000566
 517.0000000000   5.1700000763   0.0000680063  -0.0001347155   0.0000000181   0.0000000544
 518.0000000000   5.1799998283   0.0000666724  -0.0001320730   0.0000000174   0.0000000523
 519.0000000000   5.1900000572   0.0000653646  -0.0001294824   0.0000000168   0.0000000503
 520.0000000000   5.1999998093   0.0000640825  -0.0001269427   0.0000000161   0.0000000483
 521.0000000000   5.2100000381   0.0000628255  -0.0001244527   0.0000000155   0.0000000465
 522.0000000000   5.2199997902   0.0000615932  -0.0001220116   0.0000000149   0.0000000447
 523.0000000000   5.2300000191   0.0000603850  -0.0001196183   0.0000000143   0.0000000429
 524.0000000000   5.2399997711   0.0000592006  -0.0001172720   0.0000000138   0.0000000413
 525.0000000000   5.2500000000   0.0000580393  -0.0001149718   0.0000000132   0.0000000397
 526.0000000000   5.2599997520   0.0000569009  -0.0001127166   0.0000000127   0.0000000381
 527.0000000000   5.2699999809   0.0000557848  -0.0001105057   0.0000000122   0.0000000366
 528.0000000000   5.2799997330   0.0000546906  -0.0001083381   0.0000000117   0.0000000352
 529.0000000000   5.2899999619   0.0000536178  -0.0001062131   0.0000000113   0.0000000338
 530.0000000000   5.2999997139   0.0000525661  -0.0001041297   0.0000000108   0.0000000325
 531.0000000000   5.3099999428   0.0000515350  -0.0001020872   0.0000000104   0.0000000313
 532.0000000000   5.3199996948   0.0000505242  -0.0001000848   0.0000000100   0.0000000301
 533.0000000000   5.3299999237   0.0000495331  -0.0000981216   0.0000000096   0.0000000289
 534.0000000000   5.3399996758   0.0000485615  -0.0000961970   0.0000000093   0.0000000278
 535.0000000000   5.3499999046   0.0000476090  -0.0000943101   0.0000000089   0.0000000267
 536.0000000000   5.3599996567   0.0000466751  -0.0000924602   0.0000000085   0.0000000256
 537.0000000000   5.3699998856   0.0000457596  -0.0000906466   0.0000000082   0.0000000247
 538.0000000000   5.3800001144   0.0000448620  -0.0000888686   0.0000000079   0.0000000237
 539.0000000000   5.3899998665   0.0000439821  -0.0000871254   0.0000000076   0.0000000228
 540.0000000000   5.4000000954   0.0000431193  -0.0000854165   0.0000000073   0.0000000219
 541.0000000000   5.4099998474   0.0000422736  -0.0000837410   0.0000000070   0.0000000210
 542.0000000000   5.4200000763   0.0000414444  -0.0000820984   0.0000000067   0.0000000202
 543.0000000000   5.4299998283   0.0000406314  -0.0000804881   0.0000000065   0.0000000194
 544.0000000000   5.4400000572   0.0000398344  -0.0000789093   0.0000000062   0.0000000187
 545.0000000000   5.4499998093   0.0000390531  -0.0000773615   0.0000000060   0.0000000180
 546.0000000000   5.4600000381   0.0000382871  -0.0000758441   0.0000000058   0.0000000173
 547.0000000000   5.4699997902   0.0000375361  -0.0000743564   0.0000000055   0.0000000166
 548.0000000000   5.4800000191   0.0000367998  -0.0000728979   0.0000000053   0.0000000159
 549.0000000000   5.4899997711   0.0000360780  -0.0000714680   0.0000000051   0.0000000153
 550.0000000000   5.5000000000   0.0000353703  -0.0000700662   0.0000000049   0.0000000147
 551.0000000000   5.5099997520   0.0000346765  -0.0000686918   0.0000000047   0.0000000142
 552.0000000000   5.5199999809   0.0000339963  -0.0000673444   0.0000000045   0.0000000136
 553.0000000000   5.5299997330   0.0000333295  -0.0000660235   0.0000000044   0.0000000131
 554.0000000000   5.5399999619   0.0000326757  -0.0000647284   0.0000000042   0.0000000126
 555.0000000000   5.5499997139   0.0000320348  -0.0000634588   0.0000000040   0.0000000121
 556.0000000000   5.5599999428   0.0000314064  -0.0000622140   0.0000000039   0.0000000116
 557.0000000000   5.5699996948   0.0000307904  -0.0000609937   0.0000000037   0.0000000112
 558.0000000000   5.5799999237   0.0000301864  -0.0000597973   0.0000000036   0.0000000107
 559.0000000000   5.5899996758   0.0000295943  -0.0000586244   0.0000000034   0.0000000103
 560.0000000000   5.5999999046   0.0000290138  -0.0000574745   0.0000000033   0.0000000099
 561.0000000000   5.6099996567   0.0000284447  -0.0000563471   0.0000000032   0.0000000095
 562.0000000000   5.6199998856   0.0000278868  -0.0000552419   0.0000000031   0.0000000092
 563.0000000000   5.6299996376   0.0000273398  -0.0000541583   0.0000000029   0.0000000088
 564.0000000000   5.6399998665   0.0000268035  -0.0000530960   0.0000000028   0.0000000085
 565.0000000000   5.6500000954   0.0000262778  -0.0000520545   0.0000000027   0.0000000081
 566.0000000000   5.6599998474   0.0000257623  -0.0000510334   0.0000000026   0.0000000078
 567.0000000000   5.6700000763   0.0000252570  -0.0000500324   0.0000000025   0.0000000075
 568.0000000000   5.6799998283   0.0000247616  -0.0000490510   0.0000000024   0.0000000072
 569.0000000000   5.6900000572   0.0000242759  -0.0000480889   0.0000000023   0.0000000069
 570.0000000000   5.6999998093   0.0000237997  -0.0000471456   0.0000000022   0.0000000067
 571.0000000000   5.7100000381   0.0000233329  -0.0000462209   0.0000000021   0.0000000064
 572.0000000000   5.7199997902   0.0000228752  -0.0000453142   0.0000000021   0.0000000062
 573.0000000000   5.7300000191   0.0000224265  -0.0000444254   0.0000000020   0.0000000059
 574.0000000000   5.7399997711   0.0000219866  -0.0000435540   0.0000000019   0.0000000057
 575.0000000000   5.7500000000   0.0000215553  -0.0000426997   0.0000000018   0.0000000055
 576.0000000000   5.7599997520   0.0000211325  -0.0000418621   0.0000000018   0.0000000053
 577.0000000000   5.7699999809   0.0000207180  -0.0000410410   0.0000000017   0.0000000051
 578.0000000000   5.7799997330   0.0000203116  -0.0000402360   0.0000000016   0.0000000049
 579.0000000000   5.7899999619   0.0000199132  -0.0000394468   0.0000000016   0.0000000047
 580.0000000000   5.7999997139   0.0000195226  -0.0000386730   0.0000000015   0.0000000045
 581.0000000000   5.8099999428   0.0000191397  -0.0000379144   0.0000000014   0.0000000043
 582.0000000000   5.8199996948   0.0000187642  -0.0000371707   0.0000000014   0.0000000041
 583.0000000000   5.8299999237   0.0000183962  -0.0000364416   0.0000000013   0.0000000040
 584.0000000000   5.8399996758   0.0000180353  -0.0000357268   0.0000000013   0.0000000038
 585.0000000000   5.8499999046   0.0000176816  -0.0000350260   0.0000000012   0.0000000037
 586.0000000000   5.8599996567   0.0000173347  -0.0000343390   0.0000000012   0.0000000035
 587.0000000000   5.8699998856   0.0000169947  -0.0000336654   0.0000000011   0.0000000034
 588.0000000000   5.8799996376   0.0000166614  -0.0000330051   0.0000000011   0.0000000033
 589.0000000000   5.8899998665   0.0000163346  -0.0000323577   0.0000000010   0.0000000031
 590.0000000000   5.9000000954   0.0000160142  -0.0000317230   0.0000000010   0.0000000030
 591.0000000000   5.9099998474   0.0000157000  -0.0000311008   0.0000000010   0.0000000029
 592.0000000000   5.9200000763   0.0000153921  -0.0000304907   0.0000000009   0.0000000028
 593.0000000000   5.9299998283   0.0000150902  -0.0000298926   0.0000000009   0.0000000027
 594.0000000000   5.9400000572   0.0000147942  -0.0000293063   0.0000000009   0.0000000026
 595.0000000000   5.9499998093   0.0000145040  -0.0000287315   0.0000000008   0.0000000025
 596.0000000000   5.9600000381   0.0000142195  -0.0000281679   0.0000000008   0.0000000024
 597.0000000000   5.9699997902   0.0000139406  -0.0000276154   0.0000000008   0.0000000023
 598.0000000000   5.9800000191   0.0000136671  -0.0000270737   0.0000000007   0.0000000022
 599.0000000000   5.9899997711   0.0000133990  -0.0000265426   0.0000000007   0.0000000021
 600.0000000000   6.0000000000   0.0000131362  -0.0000260220   0.0000000007   0.0000000020
 601.0000000000   6.0099997520   0.0000128785  -0.0000255116   0.0000000007   0.0000000020
 602.0000000000   6.0199999809   0.0000126259  -0.0000250112   0.0000000006   0.0000000019
 603.0000000000   6.0299997330   0.0000123783  -0.0000245206   0.0000000006   0.0000000018
 604.0000000000   6.0399999619   0.0000121355  -0.0000240396   0.0000000006   0.0000000017
 605.0000000000   6.0499997139   0.0000118974  -0.0000235681   0.0000000006   0.0000000017
 606.0000000000   6.0599999428   0.0000116641  -0.0000231058   0.0000000005   0.0000000016
 607.0000000000   6.0699996948   0.0000114353  -0.0000226526   0.0000000005   0.0000000015
 608.0000000000   6.0799999237   0.0000112110  -0.0000222082   0.0000000005   0.0000000015
 609.0000000000   6.0899996758   0.0000109911  -0.0000217726   0.0000000005   0.0000000014
 610.0000000000   6.0999999046   0.0000107755  -0.0000213455   0.0000000005   0.0000000014
 611.0000000000   6.1099996567   0.0000105641  -0.0000209268   0.0000000004   0.0000000013
 612.0000000000   6.1199998856   0.0000103569  -0.0000205164   0.0000000004   0.0000000013
 613.0000000000   6.1299996376   0.0000101537  -0.0000201139   0.0000000004   0.0000000012
 614.0000000000   6.1399998665   0.0000099546  -0.0000197194   0.0000000004   0.0000000012
 615.0000000000   6.1500000954   0.0000097593  -0.0000193326   0.0000000004   0.0000000011
 616.0000000000   6.1599998474   0.0000095679  -0.0000189534   0.0000000004   0.0000000011
 617.0000000000   6.1700000763   0.0000093802  -0.0000185816   0.0000000003   0.0000000010
 618.0000000000   6.1799998283   0.0000091962  -0.0000182171   0.0000000003   0.0000000010
 619.0000000000   6.1900000572   0.0000090158  -0.0000178598   0.0000000003   0.0000000010
 620.0000000000   6.1999998093   0.0000088390  -0.0000175095   0.0000000003   0.0000000009
 621.0000000000   6.2100000381   0.0000086656  -0.0000171660   0.0000000003   0.0000000009
 622.0000000000   6.2199997902   0.0000084956  -0.0000168293   0.0000000003   0.0000000008
 623.0000000000   6.2300000191   0.0000083290  -0.0000164992   0.0000000003   0.0000000008
 624.0000000000   6.2399997711   0.0000081656  -0.0000161756   0.0000000003   0.0000000008
 625.0000000000   6.2500000000   0.0000080054  -0.0000158583   0.0000000003   0.0000000008
 626.0000000000   6.2599997520   0.0000078484  -0.0000155472   0.0000000002   0.0000000007
 627.0000000000   6.2699999809   0.0000076945  -0.0000152423   0.0000000002   0.0000000007
 628.0000000000   6.2799997330   0.0000075435  -0.0000149433   0.0000000002   0.0000000007
 629.0000000000   6.2899999619   0.0000073956  -0.0000146502   0.0000000002   0.0000000006
 630.0000000000   6.2999997139   0.0000072505  -0.0000143628   0.0000000002   0.0000000006
 631.0000000000   6.3099999428   0.0000071083  -0.0000140811   0.0000000002   0.0000000006
 632.0000000000   6.3199996948   0.0000069689  -0.0000138049   0.0000000002   0.0000000006
 633.0000000000   6.3299999237   0.0000068322  -0.0000135341   0.0000000002   0.0000000005
 634.0000000000   6.3399996758   0.0000066982  -0.0000132686   0.0000000002   0.0000000005
 635.0000000000   6.3499999046   0.0000065668  -0.0000130084   0.0000000002   0.0000000005
 636.0000000000   6.3599996567   0.0000064380  -0.0000127532   0.0000000002   0.0000000005
 637.0000000000   6.3699998856   0.0000063117  -0.0000125030   0.0000000002   0.0000000005
 638.0000000000   6.3799996376   0.0000061879  -0.0000122578   0.0000000002   0.0000000005
 639.0000000000   6.3899998665   0.0000060665  -0.0000120174   0.0000000001   0.0000000004
 640.0000000000   6.3999996185   0.0000059475  -0.0000117816   0.0000000001   0.0000000004
 641.0000000000   6.4099998474   0.0000058308  -0.0000115505   0.0000000001   0.0000000004
 642.0000000000   6.4200000763   0.0000057165  -0.0000113240   0.0000000001   0.0000000004
 643.0000000000   6.4299998283   0.0000056043  -0.0000111019   0.0000000001   0.0000000004
 644.0000000000   6.4400000572   0.0000054944  -0.0000108841   0.0000000001   0.0000000004
 645.0000000000   6.4499998093   0.0000053866  -0.0000106706   0.0000000001   0.0000000003
 646.0000000000   6.4600000381   0.0000052810  -0.0000104613   0.0000000001   0.0000000003
 647.0000000000   6.4699997902   0.0000051774  -0.0000102561   0.0000000001   0.0000000003
 648.0000000000   6.4800000191   0.0000050758  -0.0000100549   0.0000000001   0.0000000003
 649.0000000000   6.4899997711   0.0000049763  -0.0000098577   0.0000000001   0.0000000003
 650.0000000000   6.5000000000   0.0000048787  -0.0000096643   0.0000000001   0.0000000003
 651.0000000000   6.5099997520   0.0000047830  -0.0000094748   0.0000000001   0.0000000003
 652.0000000000   6.5199999809   0.0000046891  -0.0000092889   0.0000000001   0.0000000003
 653.0000000000   6.5299997330   0.0000045972  -0.0000091067   0.0000000001   0.0000000002
 654.0000000000   6.5399999619   0.0000045070  -0.0000089281   0.0000000001   0.0000000002
 655.0000000000   6.5499997139   0.0000044186  -0.0000087530   0.0000000001   0.0000000002
 656.0000000000   6.5599999428   0.0000043319  -0.0000085813   0.0000000001   0.0000000002
 657.0000000000   6.5699996948   0.0000042469  -0.0000084129   0.0000000001   0.0000000002
 658.0000000000   6.5799999237   0.0000041636  -0.0000082479   0.0000000001   0.0000000002
 659.0000000000   6.5899996758   0.0000040820  -0.0000080861   0.0000000001   0.0000000002
 660.0000000000   6.5999999046   0.0000040019  -0.0000079275   0.0000000001   0.0000000002
 661.0000000000   6.6099996567   0.0000039234  -0.0000077720   0.0000000001   0.0000000002
 662.0000000000   6.6199998856   0.0000038464  -0.0000076196   0.0000000001   0.0000000002
 663.0000000000   6.6299996376   0.0000037710  -0.0000074701   0.0000000001   0.0000000002
 664.0000000000   6.6399998665   0.0000036970  -0.0000073236   0.0000000001   0.0000000002
 665.0000000000   6.6499996185   0.0000036245  -0.0000071799   0.0000000001   0.0000000002
 666.0000000000   6.6599998474   0.0000035534  -0.0000070391   0.0000000000   0.0000000001
 667.0000000000   6.6700000763   0.0000034837  -0.0000069010   0.0000000000   0.0000000001
 668.0000000000   6.6799998283   0.0000034154  -0.0000067657   0.0000000000   0.0000000001
 669.0000000000   6.6900000572   0.0000033484  -0.0000066330   0.0000000000   0.0000000001
 670.0000000000   6.6999998093   0.0000032827  -0.0000065029   0.0000000000   0.0000000001
 671.0000000000   6.7100000381   0.0000032183  -0.0000063753   0.0000000000   0.0000000001
 672.0000000000   6.7199997902   0.0000031552  -0.0000062502   0.0000000000   0.0000000001
 673.0000000000   6.7300000191   0.0000030933  -0.0000061276   0.0000000000   0.0000000001
 674.0000000000   6.7399997711   0.0000030326  -0.0000060075   0.0000000000   0.0000000001
 675.0000000000   6.7500000000   0.0000029731  -0.0000058896   0.0000000000   0.0000000001
 676.0000000000   6.7599997520   0.0000029148  -0.0000057741   0.0000000000   0.0000000001
 677.0000000000   6.7699999809   0.0000028577  -0.0000056608   0.0000000000   0.0000000001
 678.0000000000   6.7799997330   0.0000028016  -0.0000055498   0.0000000000   0.0000000001
 679.0000000000   6.7899999619   0.0000027466  -0.0000054409   0.0000000000   0.0000000001
 680.0000000000   6.7999997139   0.0000026928  -0.0000053342   0.0000000000   0.0000000001
 681.0000000000   6.8099999428   0.0000026399  -0.0000052296   0.0000000000   0.0000000001
 682.0000000000   6.8199996948   0.0000025882  -0.0000051270   0.0000000000   0.0000000001
 683.0000000000   6.8299999237   0.0000025374  -0.0000050264   0.0000000000   0.0000000001
 684.0000000000   6.8399996758   0.0000024876  -0.0000049278   0.0000000000   0.0000000001
 685.0000000000   6.8499999046   0.0000024388  -0.0000048312   0.0000000000   0.0000000001
 686.0000000000   6.8599996567   0.0000023910  -0.0000047364   0.0000000000   0.0000000001
 687.0000000000   6.8699998856   0.0000023441  -0.0000046435   0.0000000000   0.0000000001
 688.0000000000   6.8799996376   0.0000022981  -0.0000045524   0.0000000000   0.0000000001
 689.0000000000   6.8899998665   0.0000022530  -0.0000044631   0.0000000000   0.0000000001
 690.0000000000   6.8999996185   0.0000022088  -0.0000043756   0.0000000000   0.0000000001
 691.0000000000   6.9099998474   0.0000021655  -0.0000042898   0.0000000000   0.0000000001
 692.0000000000   6.9200000763   0.0000021230  -0.0000042056   0.0000000000   0.0000000001
 693.0000000000   6.9299998283   0.0000020814  -0.0000041231   0.0000000000   0.0000000001
 694.0000000000   6.9400000572   0.0000020406  -0.0000040422   0.0000000000   0.0000000000
 695.0000000000   6.9499998093   0.0000020005  -0.0000039630   0.0000000000   0.0000000000
 696.0000000000   6.9600000381   0.0000019613  -0.0000038852   0.0000000000   0.0000000000
 697.0000000000   6.9699997902   0.0000019228  -0.0000038090   0.0000000000   0.0000000000
 698.0000000000   6.9800000191   0.0000018851  -0.0000037343   0.0000000000   0.0000000000
 699.0000000000   6.9899997711   0.0000018481  -0.0000036610   0.0000000000   0.0000000000
 700.0000000000   7.0000000000   0.0000018119  -0.0000035892   0.0000000000   0.0000000000
 701.0000000000   7.0099997520   0.0000017763  -0.0000035188   0.0000000000   0.0000000000
 702.0000000000   7.0199999809   0.0000017415  -0.0000034498   0.0000000000   0.0000000000
 703.0000000000   7.0299997330   0.0000017073  -0.0000033821   0.0000000000   0.0000000000
 704.0000000000   7.0399999619   0.0000016739  -0.0000033158   0.0000000000   0.0000000000
 705.0000000000   7.0499997139   0.0000016410  -0.0000032508   0.0000000000   0.0000000000
 706.0000000000   7.0599999428   0.0000016088  -0.0000031870   0.0000000000   0.0000000000
 707.0000000000   7.0699996948   0.0000015773  -0.0000031245   0.0000000000   0.0000000000
 708.0000000000   7.0799999237   0.0000015463  -0.0000030632   0.0000000000   0.0000000000
 709.0000000000   7.0899996758   0.0000015160  -0.0000030031   0.0000000000   0.0000000000
 710.0000000000   7.0999999046   0.0000014863  -0.0000029442   0.0000000000   0.0000000000
 711.0000000000   7.1099996567   0.0000014571  -0.0000028865   0.0000000000   0.0000000000
 712.0000000000   7.1199998856   0.0000014285  -0.0000028298   0.0000000000   0.0000000000
 713.0000000000   7.1299996376   0.0000014005  -0.0000027743   0.0000000000   0.0000000000
 714.0000000000   7.1399998665   0.0000013730  -0.0000027199   0.0000000000   0.0000000000
 715.0000000000   7.1499996185   0.0000013461  -0.0000026666   0.0000000000   0.0000000000
 716.0000000000   7.1599998474   0.0000013197  -0.0000026143   0.0000000000   0.0000000000
 717.0000000000   7.1700000763   0.0000012938  -0.0000025630   0.0000000000   0.0000000000
 718.0000000000   7.1799998283   0.0000012684  -0.0000025127   0.0000000000   0.0000000000
 719.0000000000   7.1900000572   0.0000012436  -0.0000024634   0.0000000000   0.0000000000
 720.0000000000   7.1999998093   0.0000012192  -0.0000024151   0.0000000000   0.0000000000
 721.0000000000   7.2100000381   0.0000011953  -0.0000023677   0.0000000000   0.0000000000
 722.0000000000   7.2199997902   0.0000011718  -0.0000023213   0.0000000000   0.0000000000
 723.0000000000   7.2300000191   0.0000011488  -0.0000022757   0.0000000000   0.0000000000
 724.0000000000   7.2399997711   0.0000011263  -0.0000022311   0.0000000000   0.0000000000
 725.0000000000   7.2500000000   0.0000011042  -0.0000021873   0.0000000000   0.0000000000
 726.0000000000   7.2599997520   0.0000010825  -0.0000021444   0.0000000000   0.0000000000
 727.0000000000   7.2699999809   0.0000010613  -0.0000021024   0.0000000000   0.0000000000
 728.0000000000   7.2799997330   0.0000010405  -0.0000020611   0.0000000000   0.0000000000
 729.0000000000   7.2899999619   0.0000010201  -0.0000020207   0.0000000000   0.0000000000
 730.0000000000   7.2999997139   0.0000010001  -0.0000019811   0.0000000000   0.0000000000
 731.0000000000   7.3099999428   0.0000009805  -0.0000019422   0.0000000000   0.0000000000
 732.0000000000   7.3199996948   0.0000009612  -0.0000019041   0.0000000000   0.0000000000
 733.0000000000   7.3299999237   0.0000009424  -0.0000018668   0.0000000000   0.0000000000
 734.0000000000   7.3399996758   0.0000009239  -0.0000018302   0.0000000000   0.0000000000
 735.0000000000   7.3499999046   0.0000009058  -0.0000017943   0.0000000000   0.0000000000
 736.0000000000   7.3599996567   0.0000008880  -0.0000017591   0.0000000000   0.0000000000
 737.0000000000   7.3699998856   0.0000008706  -0.0000017246   0.0000000000   0.0000000000
 738.0000000000   7.3799996376   0.0000008535  -0.0000016907   0.0000000000   0.0000000000
 739.0000000000   7.3899998665   0.0000008368  -0.0000016576   0.0000000000   0.0000000000
 740.0000000000   7.3999996185   0.0000008203  -0.0000016250   0.0000000000   0.0000000000
 741.0000000000   7.4099998474   0.0000008043  -0.0000015932   0.0000000000   0.0000000000
 742.0000000000   7.4199995995   0.0000007885  -0.0000015619   0.0000000000   0.0000000000
 743.0000000000   7.4299998283   0.0000007730  -0.0000015313   0.0000000000   0.0000000000
 744.0000000000   7.4400000572   0.0000007578  -0.0000015012   0.0000000000   0.0000000000
 745.0000000000   7.4499998093   0.0000007430  -0.0000014718   0.0000000000   0.0000000000
 746.0000000000   7.4600000381   0.0000007284  -0.0000014429   0.0000000000   0.0000000000
 747.0000000000   7.4699997902   0.0000007141  -0.0000014146   0.0000000000   0.0000000000
 748.0000000000   7.4800000191   0.0000007001  -0.0000013869   0.0000000000   0.0000000000
 749.0000000000   7.4899997711   0.0000006864  -0.0000013597   0.0000000000   0.0000000000
 750.0000000000   7.5000000000   0.0000006729  -0.0000013330   0.0000000000   0.0000000000
 751.0000000000   7.5099997520   0.0000006597  -0.0000013069   0.0000000000   0.0000000000
 752.0000000000   7.5199999809   0.0000006468  -0.0000012812   0.0000000000   0.0000000000
 753.0000000000   7.5299997330   0.0000006341  -0.0000012561   0.0000000000   0.0000000000
 754.0000000000   7.5399999619   0.0000006217  -0.0000012315   0.0000000000   0.0000000000
 755.0000000000   7.5499997139   0.0000006095  -0.0000012073   0.0000000000   0.0000000000
 756.0000000000   7.5599999428   0.0000005975  -0.0000011836   0.0000000000   0.0000000000
 757.0000000000   7.5699996948   0.0000005858  -0.0000011604   0.0000000000   0.0000000000
 758.0000000000   7.5799999237   0.0000005743  -0.0000011376   0.0000000000   0.0000000000
 759.0000000000   7.5899996758   0.0000005630  -0.0000011153   0.0000000000   0.0000000000
 760.0000000000   7.5999999046   0.0000005520  -0.0000010934   0.0000000000   0.0000000000
 761.0000000000   7.6099996567   0.0000005412  -0.0000010720   0.0000000000   0.0000000000
 762.0000000000   7.6199998856   0.0000005305  -0.0000010510   0.0000000000   0.0000000000
 763.0000000000   7.6299996376   0.0000005201  -0.0000010304   0.0000000000   0.0000000000
 764.0000000000   7.6399998665   0.0000005099  -0.0000010101   0.0000000000   0.0000000000
 765.0000000000   7.6499996185   0.0000004999  -0.0000009903   0.0000000000   0.0000000000
 766.0000000000   7.6599998474   0.0000004901  -0.0000009709   0.0000000000   0.0000000000
 767.0000000000   7.6699995995   0.0000004805  -0.0000009519   0.0000000000   0.0000000000
 768.0000000000   7.6799998283   0.0000004711  -0.0000009332   0.0000000000   0.0000000000
 769.0000000000   7.6900000572   0.0000004618  -0.0000009149   0.0000000000   0.0000000000
 770.0000000000   7.6999998093   0.0000004528  -0.0000008969   0.0000000000   0.0000000000
 771.0000000000   7.7100000381   0.0000004439  -0.0000008793   0.0000000000   0.0000000000
 772.0000000000   7.7199997902   0.0000004352  -0.0000008621   0.0000000000   0.0000000000
 773.0000000000   7.7300000191   0.0000004267  -0.0000008452   0.0000000000   0.0000000000
 774.0000000000   7.7399997711   0.0000004183  -0.0000008286   0.0000000000   0.0000000000
 775.0000000000   7.7500000000   0.0000004101  -0.0000008124   0.0000000000   0.0000000000
 776.0000000000   7.7599997520   0.0000004020  -0.0000007964   0.0000000000   0.0000000000
 777.0000000000   7.7699999809   0.0000003942  -0.0000007808   0.0000000000   0.0000000000
 778.0000000000   7.7799997330   0.0000003864  -0.0000007655   0.0000000000   0.0000000000
 779.0000000000   7.7899999619   0.0000003788  -0.0000007505   0.0000000000   0.0000000000
 780.0000000000   7.7999997139   0.0000003714  -0.0000007358   0.0000000000   0.0000000000
 781.0000000000   7.8099999428   0.0000003641  -0.0000007213   0.0000000000   0.0000000000
 782.0000000000   7.8199996948   0.0000003570  -0.0000007072   0.0000000000   0.0000000000
 783.0000000000   7.8299999237   0.0000003500  -0.0000006933   0.0000000000   0.0000000000
 784.0000000000   7.8399996758   0.0000003431  -0.0000006797   0.0000000000   0.0000000000
 785.0000000000   7.8499999046   0.0000003364  -0.0000006664   0.0000000000   0.0000000000
 786.0000000000   7.8599996567   0.0000003298  -0.0000006533   0.0000000000   0.0000000000
 787.0000000000   7.8699998856   0.0000003233  -0.0000006405   0.0000000000   0.0000000000
 788.0000000000   7.8799996376   0.0000003170  -0.0000006279   0.0000000000   0.0000000000
 789.0000000000   7.8899998665   0.0000003108  -0.0000006156   0.0000000000   0.0000000000
 790.0000000000   7.8999996185   0.0000003047  -0.0000006035   0.0000000000   0.0000000000
 791.0000000000   7.9099998474   0.0000002987  -0.0000005917   0.0000000000   0.0000000000
 792.0000000000   7.9199995995   0.0000002928  -0.0000005801   0.0000000000   0.0000000000
 793.0000000000   7.9299998283   0.0000002871  -0.0000005687   0.0000000000   0.0000000000
 794.0000000000   7.9400000572   0.0000002815  -0.0000005575   0.0000000000   0.0000000000
 795.0000000000   7.9499998093   0.0000002759  -0.0000005466   0.0000000000   0.0000000000
 796.0000000000   7.9600000381   0.0000002705  -0.0000005359   0.0000000000   0.0000000000
 797.0000000000   7.9699997902   0.0000002652  -0.0000005254   0.0000000000   0.0000000000
 798.0000000000   7.9800000191   0.0000002600  -0.0000005151   0.0000000000   0.0000000000
 799.0000000000   7.9899997711   0.0000002549  -0.0000005050   0.0000000000   0.0000000000
 800.0000000000   8.0000000000   0.0000002499  -0.0000004951   0.0000000000   0.0000000000
 801.0000000000   8.0100002289   0.0000002450  -0.0000004854   0.0000000000   0.0000000000
 802.0000000000   8.0199995041   0.0000002402  -0.0000004758   0.0000000000   0.0000000000
 803.0000000000   8.0299997330   0.0000002355  -0.0000004665   0.0000000000   0.0000000000
 804.0000000000   8.0399999619   0.0000002309  -0.0000004574   0.0000000000   0.0000000000
 805.0000000000   8.0500001907   0.0000002263  -0.0000004484   0.0000000000   0.0000000000
 806.0000000000   8.0599994659   0.0000002219  -0.0000004396   0.0000000000   0.0000000000
 807.0000000000   8.0699996948   0.0000002176  -0.0000004310   0.0000000000   0.0000000000
 808.0000000000   8.0799999237   0.0000002133  -0.0000004225   0.0000000000   0.0000000000
 809.0000000000   8.0900001526   0.0000002091  -0.0000004142   0.0000000000   0.0000000000
 810.0000000000   8.0999994278   0.0000002050  -0.0000004061   0.0000000000   0.0000000000
 811.0000000000   8.1099996567   0.0000002010  -0.0000003981   0.0000000000   0.0000000000
 812.0000000000   8.1199998856   0.0000001970  -0.0000003903   0.0000000000   0.0000000000
 813.0000000000   8.1300001144   0.0000001932  -0.0000003827   0.0000000000   0.0000000000
 814.0000000000   8.1399993896   0.0000001894  -0.0000003752   0.0000000000   0.0000000000
 815.0000000000   8.1499996185   0.0000001857  -0.0000003678   0.0000000000   0.0000000000
 816.0000000000   8.1599998474   0.0000001820  -0.0000003606   0.0000000000   0.0000000000
 817.0000000000   8.1700000763   0.0000001785  -0.0000003535   0.0000000000   0.0000000000
 818.0000000000   8.1799993515   0.0000001750  -0.0000003466   0.0000000000   0.0000000000
 819.0000000000   8.1899995804   0.0000001715  -0.0000003398   0.0000000000   0.0000000000
 820.0000000000   8.1999998093   0.0000001682  -0.0000003331   0.0000000000   0.0000000000
 821.0000000000   8.2100000381   0.0000001649  -0.0000003266   0.0000000000   0.0000000000
 822.0000000000   8.2200002670   0.0000001616  -0.0000003202   0.0000000000   0.0000000000
 823.0000000000   8.2299995422   0.0000001585  -0.0000003139   0.0000000000   0.0000000000
 824.0000000000   8.2399997711   0.0000001553  -0.0000003077   0.0000000000   0.0000000000
 825.0000000000   8.2500000000   0.0000001523  -0.0000003017   0.0000000000   0.0000000000
 826.0000000000   8.2600002289   0.0000001493  -0.0000002958   0.0000000000   0.0000000000
 827.0000000000   8.2699995041   0.0000001464  -0.0000002900   0.0000000000   0.0000000000
 828.0000000000   8.2799997330   0.0000001435  -0.0000002843   0.0000000000   0.0000000000
 829.0000000000   8.2899999619   0.0000001407  -0.0000002787   0.0000000000   0.0000000000
 830.0000000000   8.3000001907   0.0000001379  -0.0000002733   0.0000000000   0.0000000000
 831.0000000000   8.3099994659   0.0000001352  -0.0000002679   0.0000000000   0.0000000000
 832.0000000000   8.3199996948   0.0000001326  -0.0000002626   0.0000000000   0.0000000000
 833.0000000000   8.3299999237   0.0000001300  -0.0000002575   0.0000000000   0.0000000000
 834.0000000000   8.3400001526   0.0000001274  -0.0000002524   0.0000000000   0.0000000000
 835.0000000000   8.3499994278   0.0000001249  -0.0000002475   0.0000000000   0.0000000000
 836.0000000000   8.3599996567   0.0000001225  -0.0000002426   0.0000000000   0.0000000000
 837.0000000000   8.3699998856   0.0000001201  -0.0000002379   0.0000000000   0.0000000000
 838.0000000000   8.3800001144   0.0000001177  -0.0000002332   0.0000000000   0.0000000000
 839.0000000000   8.3899993896   0.0000001154  -0.0000002286   0.0000000000   0.0000000000
 840.0000000000   8.3999996185   0.0000001132  -0.0000002241   0.0000000000   0.0000000000
 841.0000000000   8.4099998474   0.0000001109  -0.0000002197   0.0000000000   0.0000000000
 842.0000000000   8.4200000763   0.0000001088  -0.0000002154   0.0000000000   0.0000000000
 843.0000000000   8.4299993515   0.0000001066  -0.0000002112   0.0000000000   0.0000000000
 844.0000000000   8.4399995804   0.0000001045  -0.0000002071   0.0000000000   0.0000000000
 845.0000000000   8.4499998093   0.0000001025  -0.0000002030   0.0000000000   0.0000000000
 846.0000000000   8.4600000381   0.0000001005  -0.0000001990   0.0000000000   0.0000000000
 847.0000000000   8.4700002670   0.0000000985  -0.0000001951   0.0000000000   0.0000000000
 848.0000000000   8.4799995422   0.0000000966  -0.0000001913   0.0000000000   0.0000000000
 849.0000000000   8.4899997711   0.0000000947  -0.0000001875   0.0000000000   0.0000000000
 850.0000000000   8.5000000000   0.0000000928  -0.0000001839   0.0000000000   0.0000000000
 851.0000000000   8.5100002289   0.0000000910  -0.0000001803   0.0000000000   0.0000000000
 852.0000000000   8.5199995041   0.0000000892  -0.0000001767   0.0000000000   0.0000000000
 853.0000000000   8.5299997330   0.0000000875  -0.0000001733   0.0000000000   0.0000000000
 854.0000000000   8.5399999619   0.0000000857  -0.0000001699   0.0000000000   0.0000000000
 855.0000000000   8.5500001907   0.0000000841  -0.0000001665   0.0000000000   0.0000000000
 856.0000000000   8.5599994659   0.0000000824  -0.0000001633   0.0000000000   0.0000000000
 857.0000000000   8.5699996948   0.0000000808  -0.0000001601   0.0000000000   0.0000000000
 858.0000000000   8.5799999237   0.0000000792  -0.0000001569   0.0000000000   0.0000000000
 859.0000000000   8.5900001526   0.0000000777  -0.0000001538   0.0000000000   0.0000000000
 860.0000000000   8.5999994278   0.0000000761  -0.0000001508   0.0000000000   0.0000000000
 861.0000000000   8.6099996567   0.0000000746  -0.0000001479   0.0000000000   0.0000000000
 862.0000000000   8.6199998856   0.0000000732  -0.0000001450   0.0000000000   0.0000000000
 863.0000000000   8.6300001144   0.0000000717  -0.0000001421   0.0000000000   0.0000000000
 864.0000000000   8.6399993896   0.0000000703  -0.0000001393   0.0000000000   0.0000000000
 865.0000000000   8.6499996185   0.0000000690  -0.0000001366   0.0000000000   0.0000000000
 866.0000000000   8.6599998474   0.0000000676  -0.0000001339   0.0000000000   0.0000000000
 867.0000000000   8.6700000763   0.0000000663  -0.0000001313   0.0000000000   0.0000000000
 868.0000000000   8.6799993515   0.0000000650  -0.0000001287   0.0000000000   0.0000000000
 869.0000000000   8.6899995804   0.0000000637  -0.0000001262   0.0000000000   0.0000000000
 870.0000000000   8.6999998093   0.0000000625  -0.0000001237   0.0000000000   0.0000000000
 871.0000000000   8.7100000381   0.0000000612  -0.0000001213   0.0000000000   0.0000000000
 872.0000000000   8.7200002670   0.0000000600  -0.0000001189   0.0000000000   0.0000000000
 873.0000000000   8.7299995422   0.0000000588  -0.0000001166   0.0000000000   0.0000000000
 874.0000000000   8.7399997711   0.0000000577  -0.0000001143   0.0000000000   0.0000000000
 875.0000000000   8.7500000000   0.0000000566  -0.0000001120   0.0000000000   0.0000000000
 876.0000000000   8.7600002289   0.0000000555  -0.0000001099   0.0000000000   0.0000000000
 877.0000000000   8.7699995041   0.0000000544  -0.0000001077   0.0000000000   0.0000000000
 878.0000000000   8.7799997330   0.0000000533  -0.0000001056   0.0000000000   0.0000000000
 879.0000000000   8.7899999619   0.0000000523  -0.0000001035   0.0000000000   0.0000000000
 880.0000000000   8.8000001907   0.0000000512  -0.0000001015   0.0000000000   0.0000000000
 881.0000000000   8.8099994659   0.0000000502  -0.0000000995   0.0000000000   0.0000000000
 882.0000000000   8.8199996948   0.0000000492  -0.0000000975   0.0000000000   0.0000000000
 883.0000000000   8.8299999237   0.0000000483  -0.0000000956   0.0000000000   0.0000000000
 884.0000000000   8.8400001526   0.0000000473  -0.0000000938   0.0000000000   0.0000000000
 885.0000000000   8.8499994278   0.0000000464  -0.0000000919   0.0000000000   0.0000000000
 886.0000000000   8.8599996567   0.0000000455  -0.0000000901   0.0000000000   0.0000000000
 887.0000000000   8.8699998856   0.0000000446  -0.0000000883   0.0000000000   0.0000000000
 888.0000000000   8.8800001144   0.0000000437  -0.0000000866   0.0000000000   0.0000000000
 889.0000000000   8.8899993896   0.0000000429  -0.0000000849   0.0000000000   0.0000000000
 890.0000000000   8.8999996185   0.0000000420  -0.0000000832   0.0000000000   0.0000000000
 891.0000000000   8.9099998474   0.0000000412  -0.0000000816   0.0000000000   0.0000000000
 892.0000000000   8.9200000763   0.0000000404  -0.0000000800   0.0000000000   0.0000000000
 893.0000000000   8.9299993515   0.0000000396  -0.0000000784   0.0000000000   0.0000000000
 894.0000000000   8.9399995804   0.0000000388  -0.0000000769   0.0000000000   0.0000000000
 895.0000000000   8.9499998093   0.0000000381  -0.0000000754   0.0000000000   0.0000000000
 896.0000000000   8.9600000381   0.0000000373  -0.0000000739   0.0000000000   0.0000000000
 897.0000000000   8.9700002670   0.0000000366  -0.0000000725   0.0000000000   0.0000000000
 898.0000000000   8.9799995422   0.0000000359  -0.0000000710   0.0000000000   0.0000000000
 899.0000000000   8.9899997711   0.0000000352  -0.0000000697   0.0000000000   0.0000000000
 900.0000000000   9.0000000000   0.0000000345  -0.0000000683   0.0000000000   0.0000000000
 901.0000000000   9.0100002289   0.0000000338  -0.0000000669   0.0000000000   0.0000000000
 902.0000000000   9.0199995041   0.0000000331  -0.0000000656   0.0000000000   0.0000000000
 903.0000000000   9.0299997330   0.0000000325  -0.0000000643   0.0000000000   0.0000000000
 904.0000000000   9.0399999619   0.0000000318  -0.0000000631   0.0000000000   0.0000000000
 905.0000000000   9.0500001907   0.0000000312  -0.0000000618   0.0000000000   0.0000000000
 906.0000000000   9.0599994659   0.0000000306  -0.0000000606   0.0000000000   0.0000000000
 907.0000000000   9.0699996948   0.0000000300  -0.0000000594   0.0000000000   0.0000000000
 908.0000000000   9.0799999237   0.0000000294  -0.0000000583   0.0000000000   0.0000000000
 909.0000000000   9.0900001526   0.0000000288  -0.0000000571   0.0000000000   0.0000000000
 910.0000000000   9.0999994278   0.0000000283  -0.0000000560   0.0000000000   0.0000000000
 911.0000000000   9.1099996567   0.0000000277  -0.0000000549   0.0000000000   0.0000000000
 912.0000000000   9.1199998856   0.0000000272  -0.0000000538   0.0000000000   0.0000000000
 913.0000000000   9.1300001144   0.0000000266  -0.0000000528   0.0000000000   0.0000000000
 914.0000000000   9.1399993896   0.0000000261  -0.0000000517   0.0000000000   0.0000000000
 915.0000000000   9.1499996185   0.0000000256  -0.0000000507   0.0000000000   0.0000000000
 916.0000000000   9.1599998474   0.0000000251  -0.0000000497   0.0000000000   0.0000000000
 917.0000000000   9.1700000763   0.0000000246  -0.0000000488   0.0000000000   0.0000000000
 918.0000000000   9.1799993515   0.0000000241  -0.0000000478   0.0000000000   0.0000000000
 919.0000000000   9.1899995804   0.0000000237  -0.0000000469   0.0000000000   0.0000000000
 920.0000000000   9.1999998093   0.0000000232  -0.0000000459   0.0000000000   0.0000000000
 921.0000000000   9.2100000381   0.0000000227  -0.0000000450   0.0000000000   0.0000000000
 922.0000000000   9.2200002670   0.0000000223  -0.0000000442   0.0000000000   0.0000000000
 923.0000000000   9.2299995422   0.0000000219  -0.0000000433   0.0000000000   0.0000000000
 924.0000000000   9.2399997711   0.0000000214  -0.0000000424   0.0000000000   0.0000000000
 925.0000000000   9.2500000000   0.0000000210  -0.0000000416   0.0000000000   0.0000000000
 926.0000000000   9.2600002289   0.0000000206  -0.0000000408   0.0000000000   0.0000000000
 927.0000000000   9.2699995041   0.0000000202  -0.0000000400   0.0000000000   0.0000000000
 928.0000000000   9.2799997330   0.0000000198  -0.0000000392   0.0000000000   0.0000000000
 929.0000000000   9.2899999619   0.0000000194  -0.0000000384   0.0000000000   0.0000000000
 930.0000000000   9.3000001907   0.0000000190  -0.0000000377   0.0000000000   0.0000000000
 931.0000000000   9.3099994659   0.0000000187  -0.0000000370   0.0000000000   0.0000000000
 932.0000000000   9.3199996948   0.0000000183  -0.0000000362   0.0000000000   0.0000000000
 933.0000000000   9.3299999237   0.0000000179  -0.0000000355   0.0000000000   0.0000000000
 934.0000000000   9.3400001526   0.0000000176  -0.0000000348   0.0000000000   0.0000000000
 935.0000000000   9.3499994278   0.0000000172  -0.0000000341   0.0000000000   0.0000000000
 936.0000000000   9.3599996567   0.0000000169  -0.0000000335   0.0000000000   0.0000000000
 937.0000000000   9.3699998856   0.0000000166  -0.0000000328   0.0000000000   0.0000000000
 938.0000000000   9.3800001144   0.0000000162  -0.0000000322   0.0000000000   0.0000000000
 939.0000000000   9.3899993896   0.0000000159  -0.0000000315   0.0000000000   0.0000000000
 940.0000000000   9.3999996185   0.0000000156  -0.0000000309   0.0000000000   0.0000000000
 941.0000000000   9.4099998474   0.0000000153  -0.0000000303   0.0000000000   0.0000000000
 942.0000000000   9.4200000763   0.0000000150  -0.0000000297   0.0000000000   0.0000000000
 943.0000000000   9.4299993515   0.0000000147  -0.0000000291   0.0000000000   0.0000000000
 944.0000000000   9.4399995804   0.0000000144  -0.0000000286   0.0000000000   0.0000000000
 945.0000000000   9.4499998093   0.0000000141  -0.0000000280   0.0000000000   0.0000000000
 946.0000000000   9.4600000381   0.0000000139  -0.0000000275   0.0000000000   0.0000000000
 947.0000000000   9.4699993134   0.0000000136  -0.0000000269   0.0000000000   0.0000000000
 948.0000000000   9.4799995422   0.0000000133  -0.0000000264   0.0000000000   0.0000000000
 949.0000000000   9.4899997711   0.0000000131  -0.0000000259   0.0000000000   0.0000000000
 950.0000000000   9.5000000000   0.0000000128  -0.0000000254   0.0000000000   0.0000000000
 951.0000000000   9.5100002289   0.0000000126  -0.0000000249   0.0000000000   0.0000000000
 952.0000000000   9.5199995041   0.0000000123  -0.0000000244   0.0000000000   0.0000000000
 953.0000000000   9.5299997330   0.0000000121  -0.0000000239   0.0000000000   0.0000000000
 954.0000000000   9.5399999619   0.0000000118  -0.0000000234   0.0000000000   0.0000000000
 955.0000000000   9.5500001907   0.0000000116  -0.0000000230   0.0000000000   0.0000000000
 956.0000000000   9.5599994659   0.0000000114  -0.0000000225   0.0000000000   0.0000000000
 957.0000000000   9.5699996948   0.0000000111  -0.0000000221   0.0000000000   0.0000000000
 958.0000000000   9.5799999237   0.0000000109  -0.0000000216   0.0000000000   0.0000000000
 959.0000000000   9.5900001526   0.0000000107  -0.0000000212   0.0000000000   0.0000000000
 960.0000000000   9.5999994278   0.0000000105  -0.0000000208   0.0000000000   0.0000000000
 961.0000000000   9.6099996567   0.0000000103  -0.0000000204   0.0000000000   0.0000000000
 962.0000000000   9.6199998856   0.0000000101  -0.0000000200   0.0000000000   0.0000000000
 963.0000000000   9.6300001144   0.0000000099  -0.0000000196   0.0000000000   0.0000000000
 964.0000000000   9.6399993896   0.0000000097  -0.0000000192   0.0000000000   0.0000000000
 965.0000000000   9.6499996185   0.0000000095  -0.0000000188   0.0000000000   0.0000000000
 966.0000000000   9.6599998474   0.0000000093  -0.0000000185   0.0000000000   0.0000000000
 967.0000000000   9.6700000763   0.0000000091  -0.0000000181   0.0000000000   0.0000000000
 968.0000000000   9.6799993515   0.0000000090  -0.0000000178   0.0000000000   0.0000000000
 969.0000000000   9.6899995804   0.0000000088  -0.0000000174   0.0000000000   0.0000000000
 970.0000000000   9.6999998093   0.0000000086  -0.0000000171   0.0000000000   0.0000000000
 971.0000000000   9.7100000381   0.0000000084  -0.0000000167   0.0000000000   0.0000000000
 972.0000000000   9.7199993134   0.0000000083  -0.0000000164   0.0000000000   0.0000000000
 973.0000000000   9.7299995422   0.0000000081  -0.0000000161   0.0000000000   0.0000000000
 974.0000000000   9.7399997711   0.0000000080  -0.0000000158   0.0000000000   0.0000000000
 975.0000000000   9.7500000000   0.0000000078  -0.0000000155   0.0000000000   0.0000000000
 976.0000000000   9.7600002289   0.0000000076  -0.0000000152   0.0000000000   0.0000000000
 977.0000000000   9.7699995041   0.0000000075  -0.0000000149   0.0000000000   0.0000000000
 978.0000000000   9.7799997330   0.0000000074  -0.0000000146   0.0000000000   0.0000000000
 979.0000000000   9.7899999619   0.0000000072  -0.0000000143   0.0000000000   0.0000000000
 980.0000000000   9.8000001907   0.0000000071  -0.0000000140   0.0000000000   0.0000000000
 981.0000000000   9.8099994659   0.0000000069  -0.0000000137   0.0000000000   0.0000000000
 982.0000000000   9.8199996948   0.0000000068  -0.0000000135   0.0000000000   0.0000000000
 983.0000000000   9.8299999237   0.0000000067  -0.0000000132   0.0000000000   0.0000000000
 984.0000000000   9.8400001526   0.0000000065  -0.0000000129   0.0000000000   0.0000000000
 985.0000000000   9.8499994278   0.0000000064  -0.0000000127   0.0000000000   0.0000000000
 986.0000000000   9.8599996567   0.0000000063  -0.0000000124   0.0000000000   0.0000000000
 987.0000000000   9.8699998856   0.0000000062  -0.0000000122   0.0000000000   0.0000000000
 988.0000000000   9.8800001144   0.0000000060  -0.0000000119   0.0000000000   0.0000000000
 989.0000000000   9.8899993896   0.0000000059  -0.0000000117   0.0000000000   0.0000000000
 990.0000000000   9.8999996185   0.0000000058  -0.0000000115   0.0000000000   0.0000000000
 991.0000000000   9.9099998474   0.0000000057  -0.0000000113   0.0000000000   0.0000000000
 992.0000000000   9.9200000763   0.0000000056  -0.0000000110   0.0000000000   0.0000000000
 993.0000000000   9.9299993515   0.0000000055  -0.0000000108   0.0000000000   0.0000000000
 994.0000000000   9.9399995804   0.0000000054  -0.0000000106   0.0000000000   0.0000000000
 995.0000000000   9.9499998093   0.0000000052  -0.0000000104   0.0000000000   0.0000000000
 996.0000000000   9.9600000381   0.0000000051  -0.0000000102   0.0000000000   0.0000000000
 997.0000000000   9.9699993134   0.0000000050  -0.0000000100   0.0000000000   0.0000000000
 998.0000000000   9.9799995422   0.0000000049  -0.0000000098   0.0000000000   0.0000000000
 999.0000000000   9.9899997711   0.0000000048  -0.0000000096   0.0000000000   0.0000000000
1000.0000000000  10.0000000000   0.0000000048  -0.0000000094   0.0000000000   0.0000000000
